1.1149 	WARNING 	We strongly recommend you activate the PTB sound engine in PsychoPy prefs as the preferred audio engine. Its timing is vastly superior. Your prefs are currently set to use ['sounddevice', 'PTB', 'pyo', 'pygame'] (in that order).
34.8266 	WARNING 	User requested fullscreen with size [1024  768], but screen is actually [1680, 1050]. Using actual size
37.0118 	WARNING 	Couldn't measure a consistent frame rate!
  - Is your graphics card set to sync to vertical blank?
  - Are you running other processes on your computer?

37.0120 	EXP 	Created window1 = Window(allowGUI=True, allowStencil=False, autoLog=True, backendConf=UNKNOWN, bitsMode=UNKNOWN, blendMode='avg', bpc=(8, 8, 8), color=array([0, 0, 0]), colorSpace='rgb', depthBits=8, fullscr=<method-wrapper '__getattribute__' of attributeSetter object at 0x7f9fbef2eac0>, gamma=None, gammaErrorPolicy='raise', lms=UNKNOWN, monitor=<psychopy.monitors.calibTools.Monitor object at 0x7f9f94efa790>, multiSample=False, name='window1', numSamples=2, pos=[420.0, 262.5], screen=0, size=array([3360, 2100]), stencilBits=0, stereo=False, units='height', useFBO=True, useRetina=True, viewOri=0.0, viewPos=None, viewScale=None, waitBlanking=True, winType='pyglet')
37.0122 	EXP 	window1: mouseVisible = True
37.0126 	EXP 	window1: mouseVisible = False
37.0126 	EXP 	window1: Attempting to measure frame rate of screen (0) ...
37.0126 	EXP 	window1: recordFrameIntervals = False
37.1784 	EXP 	window1: recordFrameIntervals = True
37.2823 	WARNING 	t of last frame was 20.67ms (=1/48)
37.3986 	WARNING 	t of last frame was 20.20ms (=1/49)
37.4843 	WARNING 	t of last frame was 22.63ms (=1/44)
37.5654 	WARNING 	t of last frame was 20.32ms (=1/49)
37.6016 	WARNING 	Multiple dropped frames have occurred - I'll stop bothering you about them!
38.8451 	WARNING 	Couldn't measure a consistent frame rate!
  - Is your graphics card set to sync to vertical blank?
  - Are you running other processes on your computer?

40.7570 	EXP 	Created Introduction = TextStim(__class__=<class 'psychopy.visual.text.TextStim'>, alignHoriz=method-wrapper(...), alignText='center', alignVert=method-wrapper(...), anchorHoriz='center', anchorVert='center', antialias=True, autoDraw=False, autoLog=True, bold=False, color=array([1, 1, 1]), colorSpace='rgb', contrast=1.0, depth=0.0, flipHoriz=False, flipVert=False, font='Open Sans', fontFiles=[], height=0.05, italic=False, languageStyle='LTR', name='Introduction', opacity=1.0, ori=0.0, pos=array([0., 0.]), rgb=UNKNOWN, text=str(...), units='height', win=Window(...), wrapWidth=1)
40.7662 	EXP 	Created listen_instr = TextStim(__class__=<class 'psychopy.visual.text.TextStim'>, alignHoriz=method-wrapper(...), alignText='center', alignVert=method-wrapper(...), anchorHoriz='center', anchorVert='center', antialias=True, autoDraw=False, autoLog=True, bold=False, color=array([1, 1, 1]), colorSpace='rgb', contrast=1.0, depth=-1.0, flipHoriz=False, flipVert=False, font='Open Sans', fontFiles=[], height=0.05, italic=False, languageStyle='LTR', name='listen_instr', opacity=1.0, ori=0.0, pos=array([0., 0.]), rgb=UNKNOWN, text=str(...), units='height', win=Window(...), wrapWidth=1)
40.7688 	EXP 	Created cross = ShapeStim(__class__=<class 'psychopy.visual.shape.ShapeStim'>, anchor=('center', 'center'), autoDraw=False, autoLog=True, closeShape=True, color=method-wrapper(...), colorSpace='rgb', contrast=None, depth=0.0, fillColor=array([1, 1, 1]), fillColorSpace='rgb', fillRGB=array([1, 1, 1]), interpolate=True, lineColor=array([-1., -1., -1.]), lineColorSpace='rgb', lineRGB=array([-1., -1., -1.]), lineWidth=0.01, name='cross', opacity=1.0, ori=0.0, pos=array([0., 0.]), size=array([0.01, 0.01]), units='height', vertices=ndarray(...), win=Window(...), windingRule=None)
40.7723 	EXP 	Created Put_hands = TextStim(__class__=<class 'psychopy.visual.text.TextStim'>, alignHoriz=method-wrapper(...), alignText='center', alignVert=method-wrapper(...), anchorHoriz='center', anchorVert='center', antialias=True, autoDraw=False, autoLog=True, bold=False, color=array([1, 1, 1]), colorSpace='rgb', contrast=1.0, depth=-1.0, flipHoriz=False, flipVert=False, font='Open Sans', fontFiles=[], height=0.05, italic=False, languageStyle='LTR', name='Put_hands', opacity=1.0, ori=0.0, pos=array([0., 0.]), rgb=UNKNOWN, text='Please put your hands on the clips.', units='height', win=Window(...), wrapWidth=1)
40.7785 	EXP 	Created Listening_Tap_Instruction_3 = TextStim(__class__=<class 'psychopy.visual.text.TextStim'>, alignHoriz=method-wrapper(...), alignText='center', alignVert=method-wrapper(...), anchorHoriz='center', anchorVert='center', antialias=True, autoDraw=False, autoLog=True, bold=False, color=array([1, 1, 1]), colorSpace='rgb', contrast=1.0, depth=0.0, flipHoriz=False, flipVert=False, font='Open Sans', fontFiles=[], height=0.05, italic=False, languageStyle='LTR', name='Listening_Tap_Instruction_3', opacity=1.0, ori=0.0, pos=array([0., 0.]), rgb=UNKNOWN, text='LISTENING TRIAL\n', units='height', win=Window(...), wrapWidth=1)
40.7900 	EXP 	Sound beat1 set volume 1.000
40.7925 	EXP 	Sound cue set volume 1.000
40.7942 	EXP 	Created cross_listen = ShapeStim(__class__=<class 'psychopy.visual.shape.ShapeStim'>, anchor=('center', 'center'), autoDraw=False, autoLog=True, closeShape=True, color=method-wrapper(...), colorSpace='rgb', contrast=None, depth=-2.0, fillColor=array([1, 1, 1]), fillColorSpace='rgb', fillRGB=array([1, 1, 1]), interpolate=True, lineColor=array([-1., -1., -1.]), lineColorSpace='rgb', lineRGB=array([-1., -1., -1.]), lineWidth=0.01, name='cross_listen', opacity=1.0, ori=0.0, pos=array([0., 0.]), size=array([0.01, 0.01]), units='height', vertices=ndarray(...), win=Window(...), windingRule=None)
40.7997 	EXP 	Created text_3 = TextStim(__class__=<class 'psychopy.visual.text.TextStim'>, alignHoriz=method-wrapper(...), alignText='center', alignVert=method-wrapper(...), anchorHoriz='center', anchorVert='center', antialias=True, autoDraw=False, autoLog=True, bold=False, color=array([1, 1, 1]), colorSpace='rgb', contrast=1.0, depth=0.0, flipHoriz=False, flipVert=False, font='Open Sans', fontFiles=[], height=0.05, italic=False, languageStyle='LTR', name='text_3', opacity=1.0, ori=0.0, pos=array([0., 0.]), rgb=UNKNOWN, text='TAP + IMAGINE', units='height', win=Window(...), wrapWidth=1)
40.8018 	EXP 	Sound cue_tap_imagine set volume 1.000
40.8035 	EXP 	Created cross_imagine = ShapeStim(__class__=<class 'psychopy.visual.shape.ShapeStim'>, anchor=('center', 'center'), autoDraw=False, autoLog=True, closeShape=True, color=method-wrapper(...), colorSpace='rgb', contrast=None, depth=-1.0, fillColor=array([1, 1, 1]), fillColorSpace='rgb', fillRGB=array([1, 1, 1]), interpolate=True, lineColor=array([-1., -1., -1.]), lineColorSpace='rgb', lineRGB=array([-1., -1., -1.]), lineWidth=0.01, name='cross_imagine', opacity=1.0, ori=0.0, pos=array([0., 0.]), size=array([0.01, 0.01]), units='height', vertices=ndarray(...), win=Window(...), windingRule=None)
40.8065 	EXP 	Created text = TextStim(__class__=<class 'psychopy.visual.text.TextStim'>, alignHoriz=method-wrapper(...), alignText='center', alignVert=method-wrapper(...), anchorHoriz='center', anchorVert='center', antialias=True, autoDraw=False, autoLog=True, bold=False, color=array([1, 1, 1]), colorSpace='rgb', contrast=1.0, depth=-2.0, flipHoriz=False, flipVert=False, font='Open Sans', fontFiles=[], height=0.05, italic=False, languageStyle='LTR', name='text', opacity=1.0, ori=0.0, pos=array([0., 0.]), rgb=UNKNOWN, text='TAP + IMAGINE', units='height', win=Window(...), wrapWidth=1)
40.8111 	EXP 	Created text_4 = TextStim(__class__=<class 'psychopy.visual.text.TextStim'>, alignHoriz=method-wrapper(...), alignText='center', alignVert=method-wrapper(...), anchorHoriz='center', anchorVert='center', antialias=True, autoDraw=False, autoLog=True, bold=False, color=array([1, 1, 1]), colorSpace='rgb', contrast=1.0, depth=0.0, flipHoriz=False, flipVert=False, font='Open Sans', fontFiles=[], height=0.05, italic=False, languageStyle='LTR', name='text_4', opacity=1.0, ori=0.0, pos=array([0., 0.]), rgb=UNKNOWN, text='IMAGINE ONLY', units='height', win=Window(...), wrapWidth=1)
40.8134 	EXP 	Sound cue_imagine set volume 1.000
40.8154 	EXP 	Created cross_imagine_2 = ShapeStim(__class__=<class 'psychopy.visual.shape.ShapeStim'>, anchor=('center', 'center'), autoDraw=False, autoLog=True, closeShape=True, color=method-wrapper(...), colorSpace='rgb', contrast=None, depth=-1.0, fillColor=array([1, 1, 1]), fillColorSpace='rgb', fillRGB=array([1, 1, 1]), interpolate=True, lineColor=array([-1., -1., -1.]), lineColorSpace='rgb', lineRGB=array([-1., -1., -1.]), lineWidth=0.01, name='cross_imagine_2', opacity=1.0, ori=0.0, pos=array([0., 0.]), size=array([0.01, 0.01]), units='height', vertices=ndarray(...), win=Window(...), windingRule=None)
40.8184 	EXP 	Created text_2 = TextStim(__class__=<class 'psychopy.visual.text.TextStim'>, alignHoriz=method-wrapper(...), alignText='center', alignVert=method-wrapper(...), anchorHoriz='center', anchorVert='center', antialias=True, autoDraw=False, autoLog=True, bold=False, color=array([1, 1, 1]), colorSpace='rgb', contrast=1.0, depth=-2.0, flipHoriz=False, flipVert=False, font='Open Sans', fontFiles=[], height=0.05, italic=False, languageStyle='LTR', name='text_2', opacity=1.0, ori=0.0, pos=array([0., 0.]), rgb=UNKNOWN, text='IMAGINE ONLY', units='height', win=Window(...), wrapWidth=1)
40.8236 	EXP 	Created Instruction_next_trial = TextStim(__class__=<class 'psychopy.visual.text.TextStim'>, alignHoriz=method-wrapper(...), alignText='center', alignVert=method-wrapper(...), anchorHoriz='center', anchorVert='center', antialias=True, autoDraw=False, autoLog=True, bold=False, color=array([1, 1, 1]), colorSpace='rgb', contrast=1.0, depth=0.0, flipHoriz=False, flipVert=False, font='Open Sans', fontFiles=[], height=0.05, italic=False, languageStyle='LTR', name='Instruction_next_trial', opacity=1.0, ori=0.0, pos=array([0., 0.]), rgb=UNKNOWN, text=str(...), units='height', win=Window(...), wrapWidth=1)
40.8282 	EXP 	Created Ending = TextStim(__class__=<class 'psychopy.visual.text.TextStim'>, alignHoriz=method-wrapper(...), alignText='center', alignVert=method-wrapper(...), anchorHoriz='center', anchorVert='center', antialias=True, autoDraw=False, autoLog=True, bold=False, color=array([1, 1, 1]), colorSpace='rgb', contrast=1.0, depth=0.0, flipHoriz=False, flipVert=False, font='Open Sans', fontFiles=[], height=0.05, italic=False, languageStyle='LTR', name='Ending', opacity=1.0, ori=0.0, pos=array([0., 0.]), rgb=UNKNOWN, text='This is the end of the experiment. Thank you. ', units='height', win=Window(...), wrapWidth=1)
40.8572 	EXP 	Introduction: autoDraw = True
42.8281 	EXP 	listen_instr: autoDraw = True
42.8664 	EXP 	Introduction: autoDraw = False
46.6830 	DATA 	Keypress: space
46.6896 	EXP 	Introduction: autoDraw = False
46.6896 	EXP 	listen_instr: autoDraw = False
46.6896 	EXP 	cross: autoDraw = True
46.6896 	EXP 	Put_hands: autoDraw = True
50.6788 	EXP 	Created sequence: random, trialTypes=1, nReps=10, seed=None
50.6790 	EXP 	New trial (rep=0, index=0): None
50.6848 	EXP 	Imported stimuli_list_exp1.xlsx as conditions, 3 conditions, 1 params
50.6852 	EXP 	Created sequence: random, trialTypes=3, nReps=1, seed=None
50.6854 	EXP 	New trial (rep=0, index=0): {'stimuli_name': 'audio/exp1/snare_mp2.wav'}
50.6947 	EXP 	cross: autoDraw = False
50.6947 	EXP 	Put_hands: autoDraw = False
50.6947 	EXP 	Listening_Tap_Instruction_3: autoDraw = True
52.6791 	EXP 	Created sequence: random, trialTypes=1, nReps=4, seed=None
52.6792 	EXP 	New trial (rep=0, index=0): None
52.6946 	EXP 	Listening_Tap_Instruction_3: autoDraw = False
52.6946 	EXP 	cross_listen: autoDraw = True
67.4782 	EXP 	New trial (rep=1, index=0): None
67.5003 	EXP 	cross_listen: autoDraw = False
67.5003 	EXP 	cross_listen: autoDraw = True
82.2992 	EXP 	New trial (rep=2, index=0): None
82.3105 	EXP 	cross_listen: autoDraw = False
82.3105 	EXP 	cross_listen: autoDraw = True
97.1002 	EXP 	New trial (rep=3, index=0): None
97.1109 	EXP 	cross_listen: autoDraw = False
97.1109 	EXP 	cross_listen: autoDraw = True
111.9264 	EXP 	cross_listen: autoDraw = False
111.9264 	EXP 	text_3: autoDraw = True
112.9264 	EXP 	text_3: autoDraw = False
112.9264 	EXP 	text_3: autoDraw = False
112.9264 	EXP 	cross_imagine: autoDraw = True
112.9264 	EXP 	text: autoDraw = True
127.7261 	EXP 	cross_imagine: autoDraw = False
127.7261 	EXP 	text: autoDraw = False
127.7261 	EXP 	cross_imagine: autoDraw = False
127.7261 	EXP 	text: autoDraw = False
127.7261 	EXP 	text_4: autoDraw = True
128.7263 	EXP 	text_4: autoDraw = False
128.7263 	EXP 	text_4: autoDraw = False
128.7263 	EXP 	cross_imagine_2: autoDraw = True
128.7263 	EXP 	text_2: autoDraw = True
143.5260 	EXP 	cross_imagine_2: autoDraw = False
143.5260 	EXP 	text_2: autoDraw = False
143.5260 	EXP 	cross_imagine_2: autoDraw = False
143.5260 	EXP 	text_2: autoDraw = False
143.5260 	EXP 	Instruction_next_trial: autoDraw = True
146.5100 	EXP 	New trial (rep=0, index=1): {'stimuli_name': 'audio/exp1/snare_mp1.wav'}
146.5256 	EXP 	Instruction_next_trial: autoDraw = False
146.5256 	EXP 	Instruction_next_trial: autoDraw = False
146.5256 	EXP 	Listening_Tap_Instruction_3: autoDraw = True
148.5096 	EXP 	Created sequence: random, trialTypes=1, nReps=4, seed=None
148.5098 	EXP 	New trial (rep=0, index=0): None
148.5267 	EXP 	Listening_Tap_Instruction_3: autoDraw = False
148.5267 	EXP 	Listening_Tap_Instruction_3: autoDraw = False
148.5267 	EXP 	cross_listen: autoDraw = True
163.3134 	EXP 	New trial (rep=1, index=0): None
163.3252 	EXP 	cross_listen: autoDraw = False
163.3252 	EXP 	cross_listen: autoDraw = True
178.1091 	EXP 	New trial (rep=2, index=0): None
178.1249 	EXP 	cross_listen: autoDraw = False
178.1249 	EXP 	cross_listen: autoDraw = False
178.1249 	EXP 	cross_listen: autoDraw = True
192.9142 	EXP 	New trial (rep=3, index=0): None
192.9246 	EXP 	cross_listen: autoDraw = False
192.9246 	EXP 	cross_listen: autoDraw = True
207.7241 	EXP 	cross_listen: autoDraw = False
207.7241 	EXP 	cross_listen: autoDraw = False
207.7241 	EXP 	text_3: autoDraw = True
208.7241 	EXP 	text_3: autoDraw = False
208.7241 	EXP 	text_3: autoDraw = False
208.7241 	EXP 	cross_imagine: autoDraw = True
208.7241 	EXP 	text: autoDraw = True
223.5236 	EXP 	cross_imagine: autoDraw = False
223.5236 	EXP 	text: autoDraw = False
223.5236 	EXP 	text_4: autoDraw = True
224.5238 	EXP 	text_4: autoDraw = False
224.5238 	EXP 	text_4: autoDraw = False
224.5238 	EXP 	cross_imagine_2: autoDraw = True
224.5238 	EXP 	text_2: autoDraw = True
239.3288 	EXP 	cross_imagine_2: autoDraw = False
239.3288 	EXP 	text_2: autoDraw = False
239.3288 	EXP 	cross_imagine_2: autoDraw = False
239.3288 	EXP 	text_2: autoDraw = False
239.3288 	EXP 	Instruction_next_trial: autoDraw = True
242.3267 	EXP 	New trial (rep=0, index=2): {'stimuli_name': 'audio/exp1/snare_iso.wav'}
242.3399 	EXP 	Instruction_next_trial: autoDraw = False
242.3399 	EXP 	Listening_Tap_Instruction_3: autoDraw = True
244.3237 	EXP 	Created sequence: random, trialTypes=1, nReps=4, seed=None
244.3238 	EXP 	New trial (rep=0, index=0): None
244.3400 	EXP 	Listening_Tap_Instruction_3: autoDraw = False
244.3400 	EXP 	cross_listen: autoDraw = True
259.1292 	EXP 	New trial (rep=1, index=0): None
259.1397 	EXP 	cross_listen: autoDraw = False
259.1397 	EXP 	cross_listen: autoDraw = True
273.9233 	EXP 	New trial (rep=2, index=0): None
273.9393 	EXP 	cross_listen: autoDraw = False
273.9393 	EXP 	cross_listen: autoDraw = False
273.9393 	EXP 	cross_listen: autoDraw = True
288.7229 	EXP 	New trial (rep=3, index=0): None
288.7388 	EXP 	cross_listen: autoDraw = False
288.7388 	EXP 	cross_listen: autoDraw = False
288.7388 	EXP 	cross_listen: autoDraw = True
303.5383 	EXP 	cross_listen: autoDraw = False
303.5383 	EXP 	text_3: autoDraw = True
304.5384 	EXP 	text_3: autoDraw = False
304.5384 	EXP 	text_3: autoDraw = False
304.5384 	EXP 	cross_imagine: autoDraw = True
304.5384 	EXP 	text: autoDraw = True
319.3382 	EXP 	cross_imagine: autoDraw = False
319.3382 	EXP 	text: autoDraw = False
319.3382 	EXP 	cross_imagine: autoDraw = False
319.3382 	EXP 	text: autoDraw = False
319.3382 	EXP 	text_4: autoDraw = True
320.3383 	EXP 	text_4: autoDraw = False
320.3383 	EXP 	text_4: autoDraw = False
320.3383 	EXP 	cross_imagine_2: autoDraw = True
320.3383 	EXP 	text_2: autoDraw = True
335.1429 	EXP 	cross_imagine_2: autoDraw = False
335.1429 	EXP 	text_2: autoDraw = False
335.1429 	EXP 	cross_imagine_2: autoDraw = False
335.1429 	EXP 	text_2: autoDraw = False
335.1429 	EXP 	Instruction_next_trial: autoDraw = True
338.1378 	EXP 	New trial (rep=1, index=0): None
338.1419 	EXP 	Imported stimuli_list_exp1.xlsx as conditions, 3 conditions, 1 params
338.1423 	EXP 	Created sequence: random, trialTypes=3, nReps=1, seed=None
338.1425 	EXP 	New trial (rep=0, index=0): {'stimuli_name': 'audio/exp1/snare_iso.wav'}
338.1604 	EXP 	Instruction_next_trial: autoDraw = False
338.1604 	EXP 	Listening_Tap_Instruction_3: autoDraw = True
340.1444 	EXP 	Created sequence: random, trialTypes=1, nReps=4, seed=None
340.1446 	EXP 	New trial (rep=0, index=0): None
340.1550 	EXP 	Listening_Tap_Instruction_3: autoDraw = False
340.1550 	EXP 	cross_listen: autoDraw = True
354.9380 	EXP 	New trial (rep=1, index=0): None
354.9537 	EXP 	cross_listen: autoDraw = False
354.9537 	EXP 	cross_listen: autoDraw = True
369.7377 	EXP 	New trial (rep=2, index=0): None
369.7579 	EXP 	cross_listen: autoDraw = False
369.7579 	EXP 	cross_listen: autoDraw = False
369.7579 	EXP 	cross_listen: autoDraw = True
384.5428 	EXP 	New trial (rep=3, index=0): None
384.5538 	EXP 	cross_listen: autoDraw = False
384.5538 	EXP 	cross_listen: autoDraw = True
399.3527 	EXP 	cross_listen: autoDraw = False
399.3527 	EXP 	cross_listen: autoDraw = False
399.3527 	EXP 	text_3: autoDraw = True
400.3529 	EXP 	text_3: autoDraw = False
400.3529 	EXP 	text_3: autoDraw = False
400.3529 	EXP 	cross_imagine: autoDraw = True
400.3529 	EXP 	text: autoDraw = True
415.1523 	EXP 	cross_imagine: autoDraw = False
415.1523 	EXP 	text: autoDraw = False
415.1523 	EXP 	cross_imagine: autoDraw = False
415.1523 	EXP 	text: autoDraw = False
415.1523 	EXP 	text_4: autoDraw = True
416.1523 	EXP 	text_4: autoDraw = False
416.1523 	EXP 	text_4: autoDraw = False
416.1523 	EXP 	cross_imagine_2: autoDraw = True
416.1523 	EXP 	text_2: autoDraw = True
430.9521 	EXP 	cross_imagine_2: autoDraw = False
430.9521 	EXP 	text_2: autoDraw = False
430.9521 	EXP 	cross_imagine_2: autoDraw = False
430.9521 	EXP 	text_2: autoDraw = False
430.9521 	EXP 	Instruction_next_trial: autoDraw = True
433.9357 	EXP 	New trial (rep=0, index=1): {'stimuli_name': 'audio/exp1/snare_mp1.wav'}
433.9520 	EXP 	Instruction_next_trial: autoDraw = False
433.9520 	EXP 	Instruction_next_trial: autoDraw = False
433.9520 	EXP 	Listening_Tap_Instruction_3: autoDraw = True
435.9360 	EXP 	Created sequence: random, trialTypes=1, nReps=4, seed=None
435.9361 	EXP 	New trial (rep=0, index=0): None
435.9571 	EXP 	Listening_Tap_Instruction_3: autoDraw = False
435.9571 	EXP 	Listening_Tap_Instruction_3: autoDraw = False
435.9571 	EXP 	cross_listen: autoDraw = True
450.7533 	EXP 	New trial (rep=1, index=0): None
450.7681 	EXP 	cross_listen: autoDraw = False
450.7681 	EXP 	cross_listen: autoDraw = True
465.5519 	EXP 	New trial (rep=2, index=0): None
465.5725 	EXP 	cross_listen: autoDraw = False
465.5725 	EXP 	cross_listen: autoDraw = False
465.5725 	EXP 	cross_listen: autoDraw = True
480.3576 	EXP 	New trial (rep=3, index=0): None
480.3680 	EXP 	cross_listen: autoDraw = False
480.3680 	EXP 	cross_listen: autoDraw = True
495.1671 	EXP 	cross_listen: autoDraw = False
495.1671 	EXP 	cross_listen: autoDraw = False
495.1671 	EXP 	text_3: autoDraw = True
496.1670 	EXP 	text_3: autoDraw = False
496.1670 	EXP 	text_3: autoDraw = False
496.1670 	EXP 	cross_imagine: autoDraw = True
496.1670 	EXP 	text: autoDraw = True
510.9667 	EXP 	cross_imagine: autoDraw = False
510.9667 	EXP 	text: autoDraw = False
510.9667 	EXP 	cross_imagine: autoDraw = False
510.9667 	EXP 	text: autoDraw = False
510.9667 	EXP 	text_4: autoDraw = True
511.9666 	EXP 	text_4: autoDraw = False
511.9666 	EXP 	text_4: autoDraw = False
511.9666 	EXP 	cross_imagine_2: autoDraw = True
511.9666 	EXP 	text_2: autoDraw = True
526.7662 	EXP 	cross_imagine_2: autoDraw = False
526.7662 	EXP 	text_2: autoDraw = False
526.7662 	EXP 	cross_imagine_2: autoDraw = False
526.7662 	EXP 	text_2: autoDraw = False
526.7662 	EXP 	Instruction_next_trial: autoDraw = True
529.7501 	EXP 	New trial (rep=0, index=2): {'stimuli_name': 'audio/exp1/snare_mp2.wav'}
529.7662 	EXP 	Instruction_next_trial: autoDraw = False
529.7662 	EXP 	Instruction_next_trial: autoDraw = False
529.7662 	EXP 	Listening_Tap_Instruction_3: autoDraw = True
531.7502 	EXP 	Created sequence: random, trialTypes=1, nReps=4, seed=None
531.7503 	EXP 	New trial (rep=0, index=0): None
531.7662 	EXP 	Listening_Tap_Instruction_3: autoDraw = False
531.7662 	EXP 	Listening_Tap_Instruction_3: autoDraw = False
531.7662 	EXP 	cross_listen: autoDraw = True
546.5526 	EXP 	New trial (rep=1, index=0): None
546.5657 	EXP 	cross_listen: autoDraw = False
546.5657 	EXP 	cross_listen: autoDraw = False
546.5657 	EXP 	cross_listen: autoDraw = True
561.3496 	EXP 	New trial (rep=2, index=0): None
561.3656 	EXP 	cross_listen: autoDraw = False
561.3656 	EXP 	cross_listen: autoDraw = False
561.3656 	EXP 	cross_listen: autoDraw = True
576.1503 	EXP 	New trial (rep=3, index=0): None
576.1654 	EXP 	cross_listen: autoDraw = False
576.1654 	EXP 	cross_listen: autoDraw = False
576.1654 	EXP 	cross_listen: autoDraw = True
590.9648 	EXP 	cross_listen: autoDraw = False
590.9648 	EXP 	text_3: autoDraw = True
591.9705 	EXP 	text_3: autoDraw = False
591.9705 	EXP 	text_3: autoDraw = False
591.9705 	EXP 	cross_imagine: autoDraw = True
591.9705 	EXP 	text: autoDraw = True
606.7812 	EXP 	cross_imagine: autoDraw = False
606.7812 	EXP 	text: autoDraw = False
606.7812 	EXP 	text_4: autoDraw = True
607.7812 	EXP 	text_4: autoDraw = False
607.7812 	EXP 	cross_imagine_2: autoDraw = True
607.7812 	EXP 	text_2: autoDraw = True
622.5807 	EXP 	cross_imagine_2: autoDraw = False
622.5807 	EXP 	text_2: autoDraw = False
622.5807 	EXP 	Instruction_next_trial: autoDraw = True
625.5647 	EXP 	New trial (rep=2, index=0): None
625.5738 	EXP 	Imported stimuli_list_exp1.xlsx as conditions, 3 conditions, 1 params
625.5749 	EXP 	Created sequence: random, trialTypes=3, nReps=1, seed=None
625.5753 	EXP 	New trial (rep=0, index=0): {'stimuli_name': 'audio/exp1/snare_iso.wav'}
625.5874 	EXP 	Instruction_next_trial: autoDraw = False
625.5874 	EXP 	Listening_Tap_Instruction_3: autoDraw = True
627.5648 	EXP 	Created sequence: random, trialTypes=1, nReps=4, seed=None
627.5651 	EXP 	New trial (rep=0, index=0): None
627.5842 	EXP 	Listening_Tap_Instruction_3: autoDraw = False
627.5842 	EXP 	cross_listen: autoDraw = True
642.3640 	EXP 	New trial (rep=1, index=0): None
642.3859 	EXP 	cross_listen: autoDraw = False
642.3859 	EXP 	cross_listen: autoDraw = True
657.1682 	EXP 	New trial (rep=2, index=0): None
657.1819 	EXP 	cross_listen: autoDraw = False
657.1819 	EXP 	cross_listen: autoDraw = True
671.9657 	EXP 	New trial (rep=3, index=0): None
671.9796 	EXP 	cross_listen: autoDraw = False
671.9796 	EXP 	cross_listen: autoDraw = False
671.9796 	EXP 	cross_listen: autoDraw = True
686.7790 	EXP 	cross_listen: autoDraw = False
686.7790 	EXP 	cross_listen: autoDraw = False
686.7790 	EXP 	text_3: autoDraw = True
687.7830 	EXP 	text_3: autoDraw = False
687.7830 	EXP 	text_3: autoDraw = False
687.7830 	EXP 	cross_imagine: autoDraw = True
687.7830 	EXP 	text: autoDraw = True
702.5956 	EXP 	cross_imagine: autoDraw = False
702.5956 	EXP 	text: autoDraw = False
702.5956 	EXP 	text_4: autoDraw = True
703.5787 	EXP 	text_4: autoDraw = False
703.5787 	EXP 	cross_imagine_2: autoDraw = True
703.5787 	EXP 	text_2: autoDraw = True
718.3785 	EXP 	cross_imagine_2: autoDraw = False
718.3785 	EXP 	text_2: autoDraw = False
718.3785 	EXP 	cross_imagine_2: autoDraw = False
718.3785 	EXP 	text_2: autoDraw = False
718.3785 	EXP 	Instruction_next_trial: autoDraw = True
721.3671 	EXP 	New trial (rep=0, index=1): {'stimuli_name': 'audio/exp1/snare_mp2.wav'}
721.3783 	EXP 	Instruction_next_trial: autoDraw = False
721.3783 	EXP 	Listening_Tap_Instruction_3: autoDraw = True
723.3628 	EXP 	Created sequence: random, trialTypes=1, nReps=4, seed=None
723.3631 	EXP 	New trial (rep=0, index=0): None
723.3784 	EXP 	Listening_Tap_Instruction_3: autoDraw = False
723.3784 	EXP 	Listening_Tap_Instruction_3: autoDraw = False
723.3784 	EXP 	cross_listen: autoDraw = True
738.1629 	EXP 	New trial (rep=1, index=0): None
738.1779 	EXP 	cross_listen: autoDraw = False
738.1779 	EXP 	cross_listen: autoDraw = False
738.1779 	EXP 	cross_listen: autoDraw = True
752.9625 	EXP 	New trial (rep=2, index=0): None
752.9776 	EXP 	cross_listen: autoDraw = False
752.9776 	EXP 	cross_listen: autoDraw = False
752.9776 	EXP 	cross_listen: autoDraw = True
767.7621 	EXP 	New trial (rep=3, index=0): None
767.7772 	EXP 	cross_listen: autoDraw = False
767.7772 	EXP 	cross_listen: autoDraw = False
767.7772 	EXP 	cross_listen: autoDraw = True
782.5769 	EXP 	cross_listen: autoDraw = False
782.5769 	EXP 	cross_listen: autoDraw = False
782.5769 	EXP 	text_3: autoDraw = True
783.5768 	EXP 	text_3: autoDraw = False
783.5768 	EXP 	text_3: autoDraw = False
783.5768 	EXP 	cross_imagine: autoDraw = True
783.5768 	EXP 	text: autoDraw = True
798.3764 	EXP 	cross_imagine: autoDraw = False
798.3764 	EXP 	text: autoDraw = False
798.3764 	EXP 	cross_imagine: autoDraw = False
798.3764 	EXP 	text: autoDraw = False
798.3764 	EXP 	text_4: autoDraw = True
799.3764 	EXP 	text_4: autoDraw = False
799.3764 	EXP 	cross_imagine_2: autoDraw = True
799.3764 	EXP 	text_2: autoDraw = True
814.1761 	EXP 	cross_imagine_2: autoDraw = False
814.1761 	EXP 	text_2: autoDraw = False
814.1761 	EXP 	cross_imagine_2: autoDraw = False
814.1761 	EXP 	text_2: autoDraw = False
814.1761 	EXP 	Instruction_next_trial: autoDraw = True
817.1603 	EXP 	New trial (rep=0, index=2): {'stimuli_name': 'audio/exp1/snare_mp1.wav'}
817.1760 	EXP 	Instruction_next_trial: autoDraw = False
817.1760 	EXP 	Instruction_next_trial: autoDraw = False
817.1760 	EXP 	Listening_Tap_Instruction_3: autoDraw = True
819.1615 	EXP 	Created sequence: random, trialTypes=1, nReps=4, seed=None
819.1618 	EXP 	New trial (rep=0, index=0): None
819.1758 	EXP 	Listening_Tap_Instruction_3: autoDraw = False
819.1758 	EXP 	Listening_Tap_Instruction_3: autoDraw = False
819.1758 	EXP 	cross_listen: autoDraw = True
833.9604 	EXP 	New trial (rep=1, index=0): None
833.9755 	EXP 	cross_listen: autoDraw = False
833.9755 	EXP 	cross_listen: autoDraw = False
833.9755 	EXP 	cross_listen: autoDraw = True
848.7599 	EXP 	New trial (rep=2, index=0): None
848.7751 	EXP 	cross_listen: autoDraw = False
848.7751 	EXP 	cross_listen: autoDraw = False
848.7751 	EXP 	cross_listen: autoDraw = True
863.5596 	EXP 	New trial (rep=3, index=0): None
863.5748 	EXP 	cross_listen: autoDraw = False
863.5748 	EXP 	cross_listen: autoDraw = False
863.5748 	EXP 	cross_listen: autoDraw = True
878.3745 	EXP 	cross_listen: autoDraw = False
878.3745 	EXP 	text_3: autoDraw = True
879.3744 	EXP 	text_3: autoDraw = False
879.3744 	EXP 	text_3: autoDraw = False
879.3744 	EXP 	cross_imagine: autoDraw = True
879.3744 	EXP 	text: autoDraw = True
894.1739 	EXP 	cross_imagine: autoDraw = False
894.1739 	EXP 	text: autoDraw = False
894.1739 	EXP 	text_4: autoDraw = True
895.1740 	EXP 	text_4: autoDraw = False
895.1740 	EXP 	cross_imagine_2: autoDraw = True
895.1740 	EXP 	text_2: autoDraw = True
909.9738 	EXP 	cross_imagine_2: autoDraw = False
909.9738 	EXP 	text_2: autoDraw = False
909.9738 	EXP 	cross_imagine_2: autoDraw = False
909.9738 	EXP 	text_2: autoDraw = False
909.9738 	EXP 	Instruction_next_trial: autoDraw = True
912.9617 	EXP 	New trial (rep=3, index=0): None
912.9701 	EXP 	Imported stimuli_list_exp1.xlsx as conditions, 3 conditions, 1 params
912.9708 	EXP 	Created sequence: random, trialTypes=3, nReps=1, seed=None
912.9712 	EXP 	New trial (rep=0, index=0): {'stimuli_name': 'audio/exp1/snare_iso.wav'}
912.9787 	EXP 	Instruction_next_trial: autoDraw = False
912.9787 	EXP 	Listening_Tap_Instruction_3: autoDraw = True
914.9742 	EXP 	Created sequence: random, trialTypes=1, nReps=4, seed=None
914.9746 	EXP 	New trial (rep=0, index=0): None
914.9923 	EXP 	Listening_Tap_Instruction_3: autoDraw = False
914.9923 	EXP 	cross_listen: autoDraw = True
929.7757 	EXP 	New trial (rep=1, index=0): None
929.7899 	EXP 	cross_listen: autoDraw = False
929.7899 	EXP 	cross_listen: autoDraw = True
944.5745 	EXP 	New trial (rep=2, index=0): None
944.5914 	EXP 	cross_listen: autoDraw = False
944.5914 	EXP 	cross_listen: autoDraw = False
944.5914 	EXP 	cross_listen: autoDraw = True
959.3901 	EXP 	New trial (rep=3, index=0): None
959.4076 	EXP 	cross_listen: autoDraw = False
959.4076 	EXP 	cross_listen: autoDraw = True
974.2053 	EXP 	cross_listen: autoDraw = False
974.2053 	EXP 	text_3: autoDraw = True
975.2055 	EXP 	text_3: autoDraw = False
975.2055 	EXP 	text_3: autoDraw = False
975.2055 	EXP 	cross_imagine: autoDraw = True
975.2055 	EXP 	text: autoDraw = True
990.0050 	EXP 	cross_imagine: autoDraw = False
990.0050 	EXP 	text: autoDraw = False
990.0050 	EXP 	cross_imagine: autoDraw = False
990.0050 	EXP 	text: autoDraw = False
990.0050 	EXP 	text_4: autoDraw = True
991.0050 	EXP 	text_4: autoDraw = False
991.0050 	EXP 	text_4: autoDraw = False
991.0050 	EXP 	cross_imagine_2: autoDraw = True
991.0050 	EXP 	text_2: autoDraw = True
1005.8046 	EXP 	cross_imagine_2: autoDraw = False
1005.8046 	EXP 	text_2: autoDraw = False
1005.8046 	EXP 	cross_imagine_2: autoDraw = False
1005.8046 	EXP 	text_2: autoDraw = False
1005.8046 	EXP 	Instruction_next_trial: autoDraw = True
1008.7888 	EXP 	New trial (rep=0, index=1): {'stimuli_name': 'audio/exp1/snare_mp2.wav'}
1008.8084 	EXP 	Instruction_next_trial: autoDraw = False
1008.8084 	EXP 	Instruction_next_trial: autoDraw = False
1008.8084 	EXP 	Listening_Tap_Instruction_3: autoDraw = True
1010.8052 	EXP 	Created sequence: random, trialTypes=1, nReps=4, seed=None
1010.8057 	EXP 	New trial (rep=0, index=0): None
1010.8255 	EXP 	Listening_Tap_Instruction_3: autoDraw = False
1010.8255 	EXP 	cross_listen: autoDraw = True
1025.6053 	EXP 	New trial (rep=1, index=0): None
1025.6208 	EXP 	cross_listen: autoDraw = False
1025.6208 	EXP 	cross_listen: autoDraw = True
1040.4052 	EXP 	New trial (rep=2, index=0): None
1040.4204 	EXP 	cross_listen: autoDraw = False
1040.4204 	EXP 	cross_listen: autoDraw = False
1040.4204 	EXP 	cross_listen: autoDraw = True
1055.2061 	EXP 	New trial (rep=3, index=0): None
1055.2199 	EXP 	cross_listen: autoDraw = False
1055.2199 	EXP 	cross_listen: autoDraw = False
1055.2199 	EXP 	cross_listen: autoDraw = True
1070.0225 	EXP 	cross_listen: autoDraw = False
1070.0225 	EXP 	cross_listen: autoDraw = False
1070.0225 	EXP 	text_3: autoDraw = True
1071.0363 	EXP 	text_3: autoDraw = False
1071.0363 	EXP 	cross_imagine: autoDraw = True
1071.0363 	EXP 	text: autoDraw = True
1085.8359 	EXP 	cross_imagine: autoDraw = False
1085.8359 	EXP 	text: autoDraw = False
1085.8359 	EXP 	text_4: autoDraw = True
1086.8360 	EXP 	text_4: autoDraw = False
1086.8360 	EXP 	cross_imagine_2: autoDraw = True
1086.8360 	EXP 	text_2: autoDraw = True
1101.6364 	EXP 	cross_imagine_2: autoDraw = False
1101.6364 	EXP 	text_2: autoDraw = False
1101.6364 	EXP 	Instruction_next_trial: autoDraw = True
1104.6188 	EXP 	New trial (rep=0, index=2): {'stimuli_name': 'audio/exp1/snare_mp1.wav'}
1104.6348 	EXP 	Instruction_next_trial: autoDraw = False
1104.6348 	EXP 	Listening_Tap_Instruction_3: autoDraw = True
1106.6188 	EXP 	Created sequence: random, trialTypes=1, nReps=4, seed=None
1106.6191 	EXP 	New trial (rep=0, index=0): None
1106.6349 	EXP 	Listening_Tap_Instruction_3: autoDraw = False
1106.6349 	EXP 	cross_listen: autoDraw = True
1129.7043 	EXP 	New trial (rep=1, index=0): None
1130.6210 	EXP 	cross_listen: autoDraw = False
1130.6210 	EXP 	cross_listen: autoDraw = True
1136.1411 	DATA 	Keypress: escape
1137.3171 	EXP 	window1: mouseVisible = True
