1.0971 	WARNING 	We strongly recommend you activate the PTB sound engine in PsychoPy prefs as the preferred audio engine. Its timing is vastly superior. Your prefs are currently set to use ['sounddevice', 'PTB', 'pyo', 'pygame'] (in that order).
23.6875 	WARNING 	User requested fullscreen with size [1024  768], but screen is actually [1440, 900]. Using actual size
25.0811 	WARNING 	Couldn't measure a consistent frame rate!
  - Is your graphics card set to sync to vertical blank?
  - Are you running other processes on your computer?

25.0821 	EXP 	Created window1 = Window(allowGUI=True, allowStencil=False, autoLog=True, backendConf=UNKNOWN, bitsMode=UNKNOWN, blendMode='avg', bpc=(8, 8, 8), color=array([0, 0, 0]), colorSpace='rgb', depthBits=8, fullscr=<method-wrapper '__getattribute__' of attributeSetter object at 0x7fab9274f760>, gamma=None, gammaErrorPolicy='raise', lms=UNKNOWN, monitor=<psychopy.monitors.calibTools.Monitor object at 0x7fab92552a00>, multiSample=False, name='window1', numSamples=2, pos=[360.0, 225.0], screen=0, size=array([2880, 1800]), stencilBits=0, stereo=False, units='height', useFBO=True, useRetina=True, viewOri=0.0, viewPos=None, viewScale=None, waitBlanking=True, winType='pyglet')
25.0828 	EXP 	window1: mouseVisible = True
25.0843 	EXP 	window1: mouseVisible = False
25.0843 	EXP 	window1: Attempting to measure frame rate of screen (0) ...
25.0844 	EXP 	window1: recordFrameIntervals = False
25.2473 	EXP 	window1: recordFrameIntervals = True
25.4487 	EXP 	Screen (0) actual frame rate measured at 59.68Hz
25.4488 	EXP 	window1: recordFrameIntervals = True
27.3719 	EXP 	Created Introduction = TextStim(__class__=<class 'psychopy.visual.text.TextStim'>, alignHoriz=method-wrapper(...), alignText='center', alignVert=method-wrapper(...), anchorHoriz='center', anchorVert='center', antialias=True, autoDraw=False, autoLog=True, bold=False, color=array([1, 1, 1]), colorSpace='rgb', contrast=1.0, depth=0.0, flipHoriz=False, flipVert=False, font='Open Sans', fontFiles=[], height=0.05, italic=False, languageStyle='LTR', name='Introduction', opacity=1.0, ori=0.0, pos=array([0., 0.]), rgb=UNKNOWN, text=str(...), units='height', win=Window(...), wrapWidth=1)
27.3807 	EXP 	Created listen_instr = TextStim(__class__=<class 'psychopy.visual.text.TextStim'>, alignHoriz=method-wrapper(...), alignText='center', alignVert=method-wrapper(...), anchorHoriz='center', anchorVert='center', antialias=True, autoDraw=False, autoLog=True, bold=False, color=array([1, 1, 1]), colorSpace='rgb', contrast=1.0, depth=-1.0, flipHoriz=False, flipVert=False, font='Open Sans', fontFiles=[], height=0.05, italic=False, languageStyle='LTR', name='listen_instr', opacity=1.0, ori=0.0, pos=array([0., 0.]), rgb=UNKNOWN, text=str(...), units='height', win=Window(...), wrapWidth=1)
27.3838 	EXP 	Created cross = ShapeStim(__class__=<class 'psychopy.visual.shape.ShapeStim'>, anchor=('center', 'center'), autoDraw=False, autoLog=True, closeShape=True, color=method-wrapper(...), colorSpace='rgb', contrast=None, depth=0.0, fillColor=array([1, 1, 1]), fillColorSpace='rgb', fillRGB=array([1, 1, 1]), interpolate=True, lineColor=array([-1., -1., -1.]), lineColorSpace='rgb', lineRGB=array([-1., -1., -1.]), lineWidth=0.01, name='cross', opacity=1.0, ori=0.0, pos=array([0., 0.]), size=array([0.01, 0.01]), units='height', vertices=ndarray(...), win=Window(...), windingRule=None)
27.3876 	EXP 	Created Put_hands = TextStim(__class__=<class 'psychopy.visual.text.TextStim'>, alignHoriz=method-wrapper(...), alignText='center', alignVert=method-wrapper(...), anchorHoriz='center', anchorVert='center', antialias=True, autoDraw=False, autoLog=True, bold=False, color=array([1, 1, 1]), colorSpace='rgb', contrast=1.0, depth=-1.0, flipHoriz=False, flipVert=False, font='Open Sans', fontFiles=[], height=0.05, italic=False, languageStyle='LTR', name='Put_hands', opacity=1.0, ori=0.0, pos=array([0., 0.]), rgb=UNKNOWN, text='Please put your hands on the clips.', units='height', win=Window(...), wrapWidth=1)
27.3919 	EXP 	Created Listening_Tap_Instruction_3 = TextStim(__class__=<class 'psychopy.visual.text.TextStim'>, alignHoriz=method-wrapper(...), alignText='center', alignVert=method-wrapper(...), anchorHoriz='center', anchorVert='center', antialias=True, autoDraw=False, autoLog=True, bold=False, color=array([1, 1, 1]), colorSpace='rgb', contrast=1.0, depth=0.0, flipHoriz=False, flipVert=False, font='Open Sans', fontFiles=[], height=0.05, italic=False, languageStyle='LTR', name='Listening_Tap_Instruction_3', opacity=1.0, ori=0.0, pos=array([0., 0.]), rgb=UNKNOWN, text='LISTENING TRIAL\n', units='height', win=Window(...), wrapWidth=1)
27.4247 	EXP 	Sound beat1 set volume 1.000
27.4311 	EXP 	Sound cue set volume 1.000
27.4342 	EXP 	Created cross_listen = ShapeStim(__class__=<class 'psychopy.visual.shape.ShapeStim'>, anchor=('center', 'center'), autoDraw=False, autoLog=True, closeShape=True, color=method-wrapper(...), colorSpace='rgb', contrast=None, depth=-2.0, fillColor=array([1, 1, 1]), fillColorSpace='rgb', fillRGB=array([1, 1, 1]), interpolate=True, lineColor=array([-1., -1., -1.]), lineColorSpace='rgb', lineRGB=array([-1., -1., -1.]), lineWidth=0.01, name='cross_listen', opacity=1.0, ori=0.0, pos=array([0., 0.]), size=array([0.01, 0.01]), units='height', vertices=ndarray(...), win=Window(...), windingRule=None)
27.4378 	EXP 	Created text_3 = TextStim(__class__=<class 'psychopy.visual.text.TextStim'>, alignHoriz=method-wrapper(...), alignText='center', alignVert=method-wrapper(...), anchorHoriz='center', anchorVert='center', antialias=True, autoDraw=False, autoLog=True, bold=False, color=array([1, 1, 1]), colorSpace='rgb', contrast=1.0, depth=0.0, flipHoriz=False, flipVert=False, font='Open Sans', fontFiles=[], height=0.05, italic=False, languageStyle='LTR', name='text_3', opacity=1.0, ori=0.0, pos=array([0., 0.]), rgb=UNKNOWN, text='TAP + IMAGINE', units='height', win=Window(...), wrapWidth=1)
27.4393 	EXP 	Sound cue_tap_imagine set volume 1.000
27.4409 	EXP 	Created cross_imagine = ShapeStim(__class__=<class 'psychopy.visual.shape.ShapeStim'>, anchor=('center', 'center'), autoDraw=False, autoLog=True, closeShape=True, color=method-wrapper(...), colorSpace='rgb', contrast=None, depth=-1.0, fillColor=array([1, 1, 1]), fillColorSpace='rgb', fillRGB=array([1, 1, 1]), interpolate=True, lineColor=array([-1., -1., -1.]), lineColorSpace='rgb', lineRGB=array([-1., -1., -1.]), lineWidth=0.01, name='cross_imagine', opacity=1.0, ori=0.0, pos=array([0., 0.]), size=array([0.01, 0.01]), units='height', vertices=ndarray(...), win=Window(...), windingRule=None)
27.4429 	EXP 	Created text = TextStim(__class__=<class 'psychopy.visual.text.TextStim'>, alignHoriz=method-wrapper(...), alignText='center', alignVert=method-wrapper(...), anchorHoriz='center', anchorVert='center', antialias=True, autoDraw=False, autoLog=True, bold=False, color=array([1, 1, 1]), colorSpace='rgb', contrast=1.0, depth=-2.0, flipHoriz=False, flipVert=False, font='Open Sans', fontFiles=[], height=0.05, italic=False, languageStyle='LTR', name='text', opacity=1.0, ori=0.0, pos=array([0., 0.]), rgb=UNKNOWN, text='TAP + IMAGINE', units='height', win=Window(...), wrapWidth=1)
27.4481 	EXP 	Created text_4 = TextStim(__class__=<class 'psychopy.visual.text.TextStim'>, alignHoriz=method-wrapper(...), alignText='center', alignVert=method-wrapper(...), anchorHoriz='center', anchorVert='center', antialias=True, autoDraw=False, autoLog=True, bold=False, color=array([1, 1, 1]), colorSpace='rgb', contrast=1.0, depth=0.0, flipHoriz=False, flipVert=False, font='Open Sans', fontFiles=[], height=0.05, italic=False, languageStyle='LTR', name='text_4', opacity=1.0, ori=0.0, pos=array([0., 0.]), rgb=UNKNOWN, text='IMAGINE ONLY', units='height', win=Window(...), wrapWidth=1)
27.4498 	EXP 	Sound cue_imagine set volume 1.000
27.4511 	EXP 	Created cross_imagine_2 = ShapeStim(__class__=<class 'psychopy.visual.shape.ShapeStim'>, anchor=('center', 'center'), autoDraw=False, autoLog=True, closeShape=True, color=method-wrapper(...), colorSpace='rgb', contrast=None, depth=-1.0, fillColor=array([1, 1, 1]), fillColorSpace='rgb', fillRGB=array([1, 1, 1]), interpolate=True, lineColor=array([-1., -1., -1.]), lineColorSpace='rgb', lineRGB=array([-1., -1., -1.]), lineWidth=0.01, name='cross_imagine_2', opacity=1.0, ori=0.0, pos=array([0., 0.]), size=array([0.01, 0.01]), units='height', vertices=ndarray(...), win=Window(...), windingRule=None)
27.4534 	EXP 	Created text_2 = TextStim(__class__=<class 'psychopy.visual.text.TextStim'>, alignHoriz=method-wrapper(...), alignText='center', alignVert=method-wrapper(...), anchorHoriz='center', anchorVert='center', antialias=True, autoDraw=False, autoLog=True, bold=False, color=array([1, 1, 1]), colorSpace='rgb', contrast=1.0, depth=-2.0, flipHoriz=False, flipVert=False, font='Open Sans', fontFiles=[], height=0.05, italic=False, languageStyle='LTR', name='text_2', opacity=1.0, ori=0.0, pos=array([0., 0.]), rgb=UNKNOWN, text='IMAGINE ONLY', units='height', win=Window(...), wrapWidth=1)
27.4579 	EXP 	Created Instruction_next_trial = TextStim(__class__=<class 'psychopy.visual.text.TextStim'>, alignHoriz=method-wrapper(...), alignText='center', alignVert=method-wrapper(...), anchorHoriz='center', anchorVert='center', antialias=True, autoDraw=False, autoLog=True, bold=False, color=array([1, 1, 1]), colorSpace='rgb', contrast=1.0, depth=0.0, flipHoriz=False, flipVert=False, font='Open Sans', fontFiles=[], height=0.05, italic=False, languageStyle='LTR', name='Instruction_next_trial', opacity=1.0, ori=0.0, pos=array([0., 0.]), rgb=UNKNOWN, text=str(...), units='height', win=Window(...), wrapWidth=1)
27.4619 	EXP 	Created Ending = TextStim(__class__=<class 'psychopy.visual.text.TextStim'>, alignHoriz=method-wrapper(...), alignText='center', alignVert=method-wrapper(...), anchorHoriz='center', anchorVert='center', antialias=True, autoDraw=False, autoLog=True, bold=False, color=array([1, 1, 1]), colorSpace='rgb', contrast=1.0, depth=0.0, flipHoriz=False, flipVert=False, font='Open Sans', fontFiles=[], height=0.05, italic=False, languageStyle='LTR', name='Ending', opacity=1.0, ori=0.0, pos=array([0., 0.]), rgb=UNKNOWN, text='This is the end of the experiment. Thank you. ', units='height', win=Window(...), wrapWidth=1)
27.4798 	WARNING 	t of last frame was 2031.69ms (=1/0)
27.4798 	EXP 	Introduction: autoDraw = True
29.4541 	EXP 	listen_instr: autoDraw = True
29.4705 	EXP 	Introduction: autoDraw = False
83.1657 	DATA 	Keypress: space
83.1714 	WARNING 	t of last frame was 92.05ms (=1/10)
83.1714 	EXP 	Introduction: autoDraw = False
83.1714 	EXP 	listen_instr: autoDraw = False
83.1714 	EXP 	cross: autoDraw = True
83.1714 	EXP 	Put_hands: autoDraw = True
87.0999 	EXP 	Created sequence: random, trialTypes=1, nReps=10, seed=None
87.1002 	EXP 	New trial (rep=0, index=0): None
87.1102 	EXP 	Imported stimuli_list_exp1.xlsx as conditions, 3 conditions, 1 params
87.1110 	EXP 	Created sequence: random, trialTypes=3, nReps=1, seed=None
87.1112 	EXP 	New trial (rep=0, index=0): {'stimuli_name': 'audio/exp1/snare_iso.wav'}
87.1160 	EXP 	cross: autoDraw = False
87.1160 	EXP 	Put_hands: autoDraw = False
87.1160 	EXP 	Listening_Tap_Instruction_3: autoDraw = True
89.0962 	EXP 	Created sequence: random, trialTypes=1, nReps=4, seed=None
89.0966 	EXP 	New trial (rep=0, index=0): None
89.1106 	EXP 	Listening_Tap_Instruction_3: autoDraw = False
89.1106 	EXP 	cross_listen: autoDraw = True
103.8955 	EXP 	New trial (rep=1, index=0): None
103.9070 	EXP 	cross_listen: autoDraw = False
103.9070 	EXP 	cross_listen: autoDraw = True
118.6958 	EXP 	New trial (rep=2, index=0): None
118.7123 	EXP 	cross_listen: autoDraw = False
118.7123 	EXP 	cross_listen: autoDraw = False
118.7123 	EXP 	cross_listen: autoDraw = True
133.5011 	EXP 	New trial (rep=3, index=0): None
133.5135 	EXP 	cross_listen: autoDraw = False
133.5135 	EXP 	cross_listen: autoDraw = True
148.3101 	EXP 	cross_listen: autoDraw = False
148.3101 	EXP 	cross_listen: autoDraw = False
148.3101 	EXP 	text_3: autoDraw = True
149.3035 	EXP 	text_3: autoDraw = False
149.3035 	EXP 	text_3: autoDraw = False
149.3035 	EXP 	cross_imagine: autoDraw = True
149.3035 	EXP 	text: autoDraw = True
164.0994 	EXP 	cross_imagine: autoDraw = False
164.0994 	EXP 	text: autoDraw = False
164.0994 	EXP 	cross_imagine: autoDraw = False
164.0994 	EXP 	text: autoDraw = False
164.0994 	EXP 	text_4: autoDraw = True
165.0963 	EXP 	text_4: autoDraw = False
165.0963 	EXP 	text_4: autoDraw = False
165.0963 	EXP 	cross_imagine_2: autoDraw = True
165.0963 	EXP 	text_2: autoDraw = True
179.8924 	EXP 	cross_imagine_2: autoDraw = False
179.8924 	EXP 	text_2: autoDraw = False
179.8924 	EXP 	cross_imagine_2: autoDraw = False
179.8924 	EXP 	text_2: autoDraw = False
179.8986 	EXP 	Instruction_next_trial: autoDraw = True
182.8944 	EXP 	New trial (rep=0, index=1): {'stimuli_name': 'audio/exp1/snare_mp1.wav'}
182.9003 	EXP 	Instruction_next_trial: autoDraw = False
182.9003 	EXP 	Instruction_next_trial: autoDraw = False
182.9003 	EXP 	Listening_Tap_Instruction_3: autoDraw = True
184.8949 	EXP 	Created sequence: random, trialTypes=1, nReps=4, seed=None
184.8951 	EXP 	New trial (rep=0, index=0): None
184.9112 	EXP 	Listening_Tap_Instruction_3: autoDraw = False
184.9112 	EXP 	Listening_Tap_Instruction_3: autoDraw = False
184.9112 	EXP 	cross_listen: autoDraw = True
199.6991 	EXP 	New trial (rep=1, index=0): None
199.7163 	EXP 	cross_listen: autoDraw = False
199.7163 	EXP 	cross_listen: autoDraw = False
199.7163 	EXP 	cross_listen: autoDraw = True
214.5091 	EXP 	New trial (rep=2, index=0): None
214.5217 	EXP 	cross_listen: autoDraw = False
214.5217 	EXP 	cross_listen: autoDraw = True
229.3094 	EXP 	New trial (rep=3, index=0): None
229.3265 	EXP 	cross_listen: autoDraw = False
229.3265 	EXP 	cross_listen: autoDraw = False
229.3265 	EXP 	cross_listen: autoDraw = True
244.1240 	EXP 	cross_listen: autoDraw = False
244.1240 	EXP 	text_3: autoDraw = True
245.1174 	EXP 	text_3: autoDraw = False
245.1174 	EXP 	text_3: autoDraw = False
245.1174 	EXP 	cross_imagine: autoDraw = True
245.1174 	EXP 	text: autoDraw = True
259.9140 	EXP 	cross_imagine: autoDraw = False
259.9140 	EXP 	text: autoDraw = False
259.9140 	EXP 	cross_imagine: autoDraw = False
259.9140 	EXP 	text: autoDraw = False
259.9140 	EXP 	text_4: autoDraw = True
260.9174 	EXP 	text_4: autoDraw = False
260.9174 	EXP 	text_4: autoDraw = False
260.9174 	EXP 	cross_imagine_2: autoDraw = True
260.9174 	EXP 	text_2: autoDraw = True
275.7133 	EXP 	cross_imagine_2: autoDraw = False
275.7133 	EXP 	text_2: autoDraw = False
275.7133 	EXP 	cross_imagine_2: autoDraw = False
275.7133 	EXP 	text_2: autoDraw = False
275.7133 	EXP 	Instruction_next_trial: autoDraw = True
278.7071 	EXP 	New trial (rep=0, index=2): {'stimuli_name': 'audio/exp1/snare_mp2.wav'}
278.7127 	EXP 	Instruction_next_trial: autoDraw = False
278.7127 	EXP 	Instruction_next_trial: autoDraw = False
278.7127 	EXP 	Listening_Tap_Instruction_3: autoDraw = True
280.6962 	EXP 	Created sequence: random, trialTypes=1, nReps=4, seed=None
280.6963 	EXP 	New trial (rep=0, index=0): None
280.7082 	EXP 	Listening_Tap_Instruction_3: autoDraw = False
280.7082 	EXP 	Listening_Tap_Instruction_3: autoDraw = False
280.7226 	EXP 	cross_listen: autoDraw = True
295.5071 	EXP 	New trial (rep=1, index=0): None
295.5181 	EXP 	cross_listen: autoDraw = False
295.5181 	EXP 	cross_listen: autoDraw = False
295.5181 	EXP 	cross_listen: autoDraw = True
310.3061 	EXP 	New trial (rep=2, index=0): None
310.3153 	EXP 	cross_listen: autoDraw = False
310.3153 	EXP 	cross_listen: autoDraw = False
310.3153 	EXP 	cross_listen: autoDraw = True
325.1061 	EXP 	New trial (rep=3, index=0): None
325.1198 	EXP 	cross_listen: autoDraw = False
325.1198 	EXP 	cross_listen: autoDraw = False
325.1198 	EXP 	cross_listen: autoDraw = True
339.9110 	EXP 	cross_listen: autoDraw = False
339.9110 	EXP 	cross_listen: autoDraw = False
339.9110 	EXP 	text_3: autoDraw = True
340.9141 	EXP 	text_3: autoDraw = False
340.9141 	EXP 	text_3: autoDraw = False
340.9141 	EXP 	cross_imagine: autoDraw = True
340.9141 	EXP 	text: autoDraw = True
355.7093 	EXP 	cross_imagine: autoDraw = False
355.7093 	EXP 	text: autoDraw = False
355.7093 	EXP 	cross_imagine: autoDraw = False
355.7093 	EXP 	text: autoDraw = False
355.7093 	EXP 	text_4: autoDraw = True
356.7028 	EXP 	text_4: autoDraw = False
356.7028 	EXP 	text_4: autoDraw = False
356.7028 	EXP 	cross_imagine_2: autoDraw = True
356.7028 	EXP 	text_2: autoDraw = True
371.4920 	EXP 	cross_imagine_2: autoDraw = False
371.4920 	EXP 	text_2: autoDraw = False
371.4920 	EXP 	cross_imagine_2: autoDraw = False
371.4920 	EXP 	text_2: autoDraw = False
371.5025 	EXP 	Instruction_next_trial: autoDraw = True
374.4870 	EXP 	New trial (rep=1, index=0): None
374.4942 	EXP 	Imported stimuli_list_exp1.xlsx as conditions, 3 conditions, 1 params
374.4945 	EXP 	Created sequence: random, trialTypes=3, nReps=1, seed=None
374.4947 	EXP 	New trial (rep=0, index=0): {'stimuli_name': 'audio/exp1/snare_iso.wav'}
374.5003 	EXP 	Instruction_next_trial: autoDraw = False
374.5003 	EXP 	Instruction_next_trial: autoDraw = False
374.5065 	EXP 	Listening_Tap_Instruction_3: autoDraw = True
376.4940 	EXP 	Created sequence: random, trialTypes=1, nReps=4, seed=None
376.4942 	EXP 	New trial (rep=0, index=0): None
376.5057 	EXP 	Listening_Tap_Instruction_3: autoDraw = False
376.5057 	EXP 	Listening_Tap_Instruction_3: autoDraw = False
376.5057 	EXP 	cross_listen: autoDraw = True
391.2923 	EXP 	New trial (rep=1, index=0): None
391.3010 	EXP 	cross_listen: autoDraw = False
391.3010 	EXP 	cross_listen: autoDraw = False
391.3010 	EXP 	cross_listen: autoDraw = True
406.0867 	EXP 	New trial (rep=2, index=0): None
406.0967 	EXP 	cross_listen: autoDraw = False
406.0967 	EXP 	cross_listen: autoDraw = False
406.0967 	EXP 	cross_listen: autoDraw = True
406.1177 	WARNING 	t of last frame was 21.02ms (=1/47)
416.0647 	WARNING 	t of last frame was 23.99ms (=1/41)
420.8862 	EXP 	New trial (rep=3, index=0): None
420.9018 	EXP 	cross_listen: autoDraw = False
420.9018 	EXP 	cross_listen: autoDraw = False
420.9018 	EXP 	cross_listen: autoDraw = True
435.7001 	EXP 	cross_listen: autoDraw = False
435.7001 	EXP 	text_3: autoDraw = True
436.6952 	EXP 	text_3: autoDraw = False
436.6952 	EXP 	text_3: autoDraw = False
436.6952 	EXP 	cross_imagine: autoDraw = True
436.6952 	EXP 	text: autoDraw = True
436.7167 	WARNING 	Multiple dropped frames have occurred - I'll stop bothering you about them!
451.4894 	EXP 	cross_imagine: autoDraw = False
451.4894 	EXP 	text: autoDraw = False
451.4894 	EXP 	cross_imagine: autoDraw = False
451.4894 	EXP 	text: autoDraw = False
451.4894 	EXP 	text_4: autoDraw = True
452.4993 	EXP 	text_4: autoDraw = False
452.4993 	EXP 	text_4: autoDraw = False
452.5163 	EXP 	cross_imagine_2: autoDraw = True
452.5163 	EXP 	text_2: autoDraw = True
467.3046 	EXP 	cross_imagine_2: autoDraw = False
467.3046 	EXP 	text_2: autoDraw = False
467.3046 	EXP 	Instruction_next_trial: autoDraw = True
470.2894 	EXP 	New trial (rep=0, index=1): {'stimuli_name': 'audio/exp1/snare_mp2.wav'}
470.2990 	EXP 	Instruction_next_trial: autoDraw = False
470.2990 	EXP 	Instruction_next_trial: autoDraw = False
470.2990 	EXP 	Listening_Tap_Instruction_3: autoDraw = True
472.2844 	EXP 	Created sequence: random, trialTypes=1, nReps=4, seed=None
472.2846 	EXP 	New trial (rep=0, index=0): None
472.3023 	EXP 	Listening_Tap_Instruction_3: autoDraw = False
472.3023 	EXP 	Listening_Tap_Instruction_3: autoDraw = False
472.3023 	EXP 	cross_listen: autoDraw = True
487.0896 	EXP 	New trial (rep=1, index=0): None
487.1101 	EXP 	cross_listen: autoDraw = False
487.1101 	EXP 	cross_listen: autoDraw = False
487.1101 	EXP 	cross_listen: autoDraw = True
501.8990 	EXP 	New trial (rep=2, index=0): None
501.9151 	EXP 	cross_listen: autoDraw = False
501.9151 	EXP 	cross_listen: autoDraw = True
516.7047 	EXP 	New trial (rep=3, index=0): None
516.7268 	EXP 	cross_listen: autoDraw = False
516.7268 	EXP 	cross_listen: autoDraw = True
531.5212 	EXP 	cross_listen: autoDraw = False
531.5212 	EXP 	text_3: autoDraw = True
532.5228 	EXP 	text_3: autoDraw = False
532.5228 	EXP 	text_3: autoDraw = False
532.5228 	EXP 	cross_imagine: autoDraw = True
532.5228 	EXP 	text: autoDraw = True
547.3195 	EXP 	cross_imagine: autoDraw = False
547.3195 	EXP 	text: autoDraw = False
547.3195 	EXP 	cross_imagine: autoDraw = False
547.3195 	EXP 	text: autoDraw = False
547.3195 	EXP 	text_4: autoDraw = True
548.3242 	EXP 	text_4: autoDraw = False
548.3242 	EXP 	text_4: autoDraw = False
548.3242 	EXP 	cross_imagine_2: autoDraw = True
548.3242 	EXP 	text_2: autoDraw = True
563.1180 	EXP 	cross_imagine_2: autoDraw = False
563.1180 	EXP 	text_2: autoDraw = False
563.1180 	EXP 	cross_imagine_2: autoDraw = False
563.1180 	EXP 	text_2: autoDraw = False
563.1180 	EXP 	Instruction_next_trial: autoDraw = True
566.1055 	EXP 	New trial (rep=0, index=2): {'stimuli_name': 'audio/exp1/snare_mp1.wav'}
566.1119 	EXP 	Instruction_next_trial: autoDraw = False
566.1119 	EXP 	Instruction_next_trial: autoDraw = False
566.1119 	EXP 	Listening_Tap_Instruction_3: autoDraw = True
568.0986 	EXP 	Created sequence: random, trialTypes=1, nReps=4, seed=None
568.0990 	EXP 	New trial (rep=0, index=0): None
568.1129 	EXP 	Listening_Tap_Instruction_3: autoDraw = False
568.1129 	EXP 	Listening_Tap_Instruction_3: autoDraw = False
568.1292 	EXP 	cross_listen: autoDraw = True
582.9134 	EXP 	New trial (rep=1, index=0): None
582.9285 	EXP 	cross_listen: autoDraw = False
582.9285 	EXP 	cross_listen: autoDraw = False
582.9285 	EXP 	cross_listen: autoDraw = True
597.7122 	EXP 	New trial (rep=2, index=0): None
597.7260 	EXP 	cross_listen: autoDraw = False
597.7260 	EXP 	cross_listen: autoDraw = False
597.7260 	EXP 	cross_listen: autoDraw = True
612.5122 	EXP 	New trial (rep=3, index=0): None
612.5247 	EXP 	cross_listen: autoDraw = False
612.5247 	EXP 	cross_listen: autoDraw = False
612.5247 	EXP 	cross_listen: autoDraw = True
627.3168 	EXP 	cross_listen: autoDraw = False
627.3168 	EXP 	cross_listen: autoDraw = False
627.3168 	EXP 	text_3: autoDraw = True
628.3186 	EXP 	text_3: autoDraw = False
628.3186 	EXP 	text_3: autoDraw = False
628.3186 	EXP 	cross_imagine: autoDraw = True
628.3186 	EXP 	text: autoDraw = True
643.1156 	EXP 	cross_imagine: autoDraw = False
643.1156 	EXP 	text: autoDraw = False
643.1156 	EXP 	cross_imagine: autoDraw = False
643.1156 	EXP 	text: autoDraw = False
643.1156 	EXP 	text_4: autoDraw = True
644.1089 	EXP 	text_4: autoDraw = False
644.1089 	EXP 	text_4: autoDraw = False
644.1089 	EXP 	cross_imagine_2: autoDraw = True
644.1089 	EXP 	text_2: autoDraw = True
658.8972 	EXP 	cross_imagine_2: autoDraw = False
658.8972 	EXP 	text_2: autoDraw = False
658.8972 	EXP 	cross_imagine_2: autoDraw = False
658.8972 	EXP 	text_2: autoDraw = False
658.9090 	EXP 	Instruction_next_trial: autoDraw = True
661.8929 	EXP 	New trial (rep=2, index=0): None
661.9040 	EXP 	Imported stimuli_list_exp1.xlsx as conditions, 3 conditions, 1 params
661.9046 	EXP 	Created sequence: random, trialTypes=3, nReps=1, seed=None
661.9049 	EXP 	New trial (rep=0, index=0): {'stimuli_name': 'audio/exp1/snare_mp2.wav'}
661.9097 	EXP 	Instruction_next_trial: autoDraw = False
661.9097 	EXP 	Instruction_next_trial: autoDraw = False
661.9250 	EXP 	Listening_Tap_Instruction_3: autoDraw = True
663.9099 	EXP 	Created sequence: random, trialTypes=1, nReps=4, seed=None
663.9102 	EXP 	New trial (rep=0, index=0): None
663.9240 	EXP 	Listening_Tap_Instruction_3: autoDraw = False
663.9240 	EXP 	Listening_Tap_Instruction_3: autoDraw = False
663.9240 	EXP 	cross_listen: autoDraw = True
678.7093 	EXP 	New trial (rep=1, index=0): None
678.7247 	EXP 	cross_listen: autoDraw = False
678.7247 	EXP 	cross_listen: autoDraw = False
678.7247 	EXP 	cross_listen: autoDraw = True
693.5085 	EXP 	New trial (rep=2, index=0): None
693.5195 	EXP 	cross_listen: autoDraw = False
693.5195 	EXP 	cross_listen: autoDraw = False
693.5195 	EXP 	cross_listen: autoDraw = True
708.3077 	EXP 	New trial (rep=3, index=0): None
708.3171 	EXP 	cross_listen: autoDraw = False
708.3171 	EXP 	cross_listen: autoDraw = False
708.3171 	EXP 	cross_listen: autoDraw = True
723.1127 	EXP 	cross_listen: autoDraw = False
723.1127 	EXP 	cross_listen: autoDraw = False
723.1127 	EXP 	text_3: autoDraw = True
724.1150 	EXP 	text_3: autoDraw = False
724.1150 	EXP 	text_3: autoDraw = False
724.1150 	EXP 	cross_imagine: autoDraw = True
724.1150 	EXP 	text: autoDraw = True
738.9109 	EXP 	cross_imagine: autoDraw = False
738.9109 	EXP 	text: autoDraw = False
738.9109 	EXP 	cross_imagine: autoDraw = False
738.9109 	EXP 	text: autoDraw = False
738.9109 	EXP 	text_4: autoDraw = True
739.9045 	EXP 	text_4: autoDraw = False
739.9045 	EXP 	text_4: autoDraw = False
739.9045 	EXP 	cross_imagine_2: autoDraw = True
739.9045 	EXP 	text_2: autoDraw = True
754.6934 	EXP 	cross_imagine_2: autoDraw = False
754.6934 	EXP 	text_2: autoDraw = False
754.6934 	EXP 	cross_imagine_2: autoDraw = False
754.6934 	EXP 	text_2: autoDraw = False
754.7052 	EXP 	Instruction_next_trial: autoDraw = True
757.6889 	EXP 	New trial (rep=0, index=1): {'stimuli_name': 'audio/exp1/snare_mp1.wav'}
757.6938 	EXP 	Instruction_next_trial: autoDraw = False
757.6938 	EXP 	Instruction_next_trial: autoDraw = False
757.7050 	EXP 	Listening_Tap_Instruction_3: autoDraw = True
759.6882 	EXP 	Created sequence: random, trialTypes=1, nReps=4, seed=None
759.6884 	EXP 	New trial (rep=0, index=0): None
759.7025 	EXP 	Listening_Tap_Instruction_3: autoDraw = False
759.7025 	EXP 	Listening_Tap_Instruction_3: autoDraw = False
759.7072 	EXP 	cross_listen: autoDraw = True
774.4941 	EXP 	New trial (rep=1, index=0): None
774.5038 	EXP 	cross_listen: autoDraw = False
774.5038 	EXP 	cross_listen: autoDraw = False
774.5038 	EXP 	cross_listen: autoDraw = True
789.2878 	EXP 	New trial (rep=2, index=0): None
789.2995 	EXP 	cross_listen: autoDraw = False
789.2995 	EXP 	cross_listen: autoDraw = False
789.2995 	EXP 	cross_listen: autoDraw = True
804.0877 	EXP 	New trial (rep=3, index=0): None
804.0980 	EXP 	cross_listen: autoDraw = False
804.0980 	EXP 	cross_listen: autoDraw = False
804.0980 	EXP 	cross_listen: autoDraw = True
818.8929 	EXP 	cross_listen: autoDraw = False
818.8929 	EXP 	cross_listen: autoDraw = False
818.8929 	EXP 	text_3: autoDraw = True
819.8847 	EXP 	text_3: autoDraw = False
819.8847 	EXP 	text_3: autoDraw = False
819.8847 	EXP 	cross_imagine: autoDraw = True
819.8847 	EXP 	text: autoDraw = True
834.6733 	EXP 	cross_imagine: autoDraw = False
834.6733 	EXP 	text: autoDraw = False
834.6733 	EXP 	cross_imagine: autoDraw = False
834.6733 	EXP 	text: autoDraw = False
834.6854 	EXP 	text_4: autoDraw = True
835.6759 	EXP 	text_4: autoDraw = False
835.6759 	EXP 	text_4: autoDraw = False
835.6850 	EXP 	cross_imagine_2: autoDraw = True
835.6850 	EXP 	text_2: autoDraw = True
850.4839 	EXP 	cross_imagine_2: autoDraw = False
850.4839 	EXP 	text_2: autoDraw = False
850.4839 	EXP 	cross_imagine_2: autoDraw = False
850.4839 	EXP 	text_2: autoDraw = False
850.4839 	EXP 	Instruction_next_trial: autoDraw = True
853.4689 	EXP 	New trial (rep=0, index=2): {'stimuli_name': 'audio/exp1/snare_iso.wav'}
853.4742 	EXP 	Instruction_next_trial: autoDraw = False
853.4742 	EXP 	Instruction_next_trial: autoDraw = False
853.4841 	EXP 	Listening_Tap_Instruction_3: autoDraw = True
855.4688 	EXP 	Created sequence: random, trialTypes=1, nReps=4, seed=None
855.4692 	EXP 	New trial (rep=0, index=0): None
855.4813 	EXP 	Listening_Tap_Instruction_3: autoDraw = False
855.4813 	EXP 	Listening_Tap_Instruction_3: autoDraw = False
855.4872 	EXP 	cross_listen: autoDraw = True
870.2743 	EXP 	New trial (rep=1, index=0): None
870.2830 	EXP 	cross_listen: autoDraw = False
870.2830 	EXP 	cross_listen: autoDraw = False
870.2830 	EXP 	cross_listen: autoDraw = True
885.0675 	EXP 	New trial (rep=2, index=0): None
885.0759 	EXP 	cross_listen: autoDraw = False
885.0759 	EXP 	cross_listen: autoDraw = False
885.0759 	EXP 	cross_listen: autoDraw = True
899.8672 	EXP 	New trial (rep=3, index=0): None
899.8816 	EXP 	cross_listen: autoDraw = False
899.8816 	EXP 	cross_listen: autoDraw = False
899.8816 	EXP 	cross_listen: autoDraw = True
914.6720 	EXP 	cross_listen: autoDraw = False
914.6720 	EXP 	cross_listen: autoDraw = False
914.6720 	EXP 	text_3: autoDraw = True
915.6758 	EXP 	text_3: autoDraw = False
915.6758 	EXP 	text_3: autoDraw = False
915.6758 	EXP 	cross_imagine: autoDraw = True
915.6758 	EXP 	text: autoDraw = True
930.4710 	EXP 	cross_imagine: autoDraw = False
930.4710 	EXP 	text: autoDraw = False
930.4710 	EXP 	cross_imagine: autoDraw = False
930.4710 	EXP 	text: autoDraw = False
930.4710 	EXP 	text_4: autoDraw = True
931.4629 	EXP 	text_4: autoDraw = False
931.4629 	EXP 	text_4: autoDraw = False
931.4629 	EXP 	cross_imagine_2: autoDraw = True
931.4629 	EXP 	text_2: autoDraw = True
946.2514 	EXP 	cross_imagine_2: autoDraw = False
946.2514 	EXP 	text_2: autoDraw = False
946.2514 	EXP 	cross_imagine_2: autoDraw = False
946.2514 	EXP 	text_2: autoDraw = False
946.2641 	EXP 	Instruction_next_trial: autoDraw = True
949.2480 	EXP 	New trial (rep=3, index=0): None
949.2568 	EXP 	Imported stimuli_list_exp1.xlsx as conditions, 3 conditions, 1 params
949.2572 	EXP 	Created sequence: random, trialTypes=3, nReps=1, seed=None
949.2575 	EXP 	New trial (rep=0, index=0): {'stimuli_name': 'audio/exp1/snare_mp1.wav'}
949.2627 	EXP 	Instruction_next_trial: autoDraw = False
949.2627 	EXP 	Instruction_next_trial: autoDraw = False
949.2682 	EXP 	Listening_Tap_Instruction_3: autoDraw = True
951.2537 	EXP 	Created sequence: random, trialTypes=1, nReps=4, seed=None
951.2539 	EXP 	New trial (rep=0, index=0): None
951.2661 	EXP 	Listening_Tap_Instruction_3: autoDraw = False
951.2661 	EXP 	Listening_Tap_Instruction_3: autoDraw = False
951.2661 	EXP 	cross_listen: autoDraw = True
966.0531 	EXP 	New trial (rep=1, index=0): None
966.0623 	EXP 	cross_listen: autoDraw = False
966.0623 	EXP 	cross_listen: autoDraw = False
966.0623 	EXP 	cross_listen: autoDraw = True
980.8475 	EXP 	New trial (rep=2, index=0): None
980.8561 	EXP 	cross_listen: autoDraw = False
980.8561 	EXP 	cross_listen: autoDraw = False
980.8561 	EXP 	cross_listen: autoDraw = True
995.6468 	EXP 	New trial (rep=3, index=0): None
995.6594 	EXP 	cross_listen: autoDraw = False
995.6594 	EXP 	cross_listen: autoDraw = False
995.6594 	EXP 	cross_listen: autoDraw = True
1010.4517 	EXP 	cross_listen: autoDraw = False
1010.4517 	EXP 	cross_listen: autoDraw = False
1010.4517 	EXP 	text_3: autoDraw = True
1011.4438 	EXP 	text_3: autoDraw = False
1011.4438 	EXP 	text_3: autoDraw = False
1011.4438 	EXP 	cross_imagine: autoDraw = True
1011.4438 	EXP 	text: autoDraw = True
1026.2328 	EXP 	cross_imagine: autoDraw = False
1026.2328 	EXP 	text: autoDraw = False
1026.2328 	EXP 	cross_imagine: autoDraw = False
1026.2328 	EXP 	text: autoDraw = False
1026.2437 	EXP 	text_4: autoDraw = True
1027.2357 	EXP 	text_4: autoDraw = False
1027.2357 	EXP 	text_4: autoDraw = False
1027.2436 	EXP 	cross_imagine_2: autoDraw = True
1027.2436 	EXP 	text_2: autoDraw = True
1042.0310 	EXP 	cross_imagine_2: autoDraw = False
1042.0310 	EXP 	text_2: autoDraw = False
1042.0310 	EXP 	cross_imagine_2: autoDraw = False
1042.0310 	EXP 	text_2: autoDraw = False
1042.0442 	EXP 	Instruction_next_trial: autoDraw = True
1045.0272 	EXP 	New trial (rep=0, index=1): {'stimuli_name': 'audio/exp1/snare_mp2.wav'}
1045.0314 	EXP 	Instruction_next_trial: autoDraw = False
1045.0314 	EXP 	Instruction_next_trial: autoDraw = False
1045.0430 	EXP 	Listening_Tap_Instruction_3: autoDraw = True
1047.0277 	EXP 	Created sequence: random, trialTypes=1, nReps=4, seed=None
1047.0280 	EXP 	New trial (rep=0, index=0): None
1047.0396 	EXP 	Listening_Tap_Instruction_3: autoDraw = False
1047.0396 	EXP 	Listening_Tap_Instruction_3: autoDraw = False
1047.0451 	EXP 	cross_listen: autoDraw = True
1061.8347 	EXP 	New trial (rep=1, index=0): None
1061.8517 	EXP 	cross_listen: autoDraw = False
1061.8517 	EXP 	cross_listen: autoDraw = False
1061.8517 	EXP 	cross_listen: autoDraw = True
1076.6427 	EXP 	New trial (rep=2, index=0): None
1076.6524 	EXP 	cross_listen: autoDraw = False
1076.6524 	EXP 	cross_listen: autoDraw = True
1091.4425 	EXP 	New trial (rep=3, index=0): None
1091.4528 	EXP 	cross_listen: autoDraw = False
1091.4528 	EXP 	cross_listen: autoDraw = False
1091.4528 	EXP 	cross_listen: autoDraw = True
1106.2474 	EXP 	cross_listen: autoDraw = False
1106.2474 	EXP 	cross_listen: autoDraw = False
1106.2474 	EXP 	text_3: autoDraw = True
1107.2399 	EXP 	text_3: autoDraw = False
1107.2399 	EXP 	text_3: autoDraw = False
1107.2399 	EXP 	cross_imagine: autoDraw = True
1107.2399 	EXP 	text: autoDraw = True
1122.0301 	EXP 	cross_imagine: autoDraw = False
1122.0301 	EXP 	text: autoDraw = False
1122.0301 	EXP 	cross_imagine: autoDraw = False
1122.0301 	EXP 	text: autoDraw = False
1122.0301 	EXP 	text_4: autoDraw = True
1123.0328 	EXP 	text_4: autoDraw = False
1123.0328 	EXP 	text_4: autoDraw = False
1123.0396 	EXP 	cross_imagine_2: autoDraw = True
1123.0396 	EXP 	text_2: autoDraw = True
1137.8277 	EXP 	cross_imagine_2: autoDraw = False
1137.8277 	EXP 	text_2: autoDraw = False
1137.8277 	EXP 	cross_imagine_2: autoDraw = False
1137.8277 	EXP 	text_2: autoDraw = False
1137.8393 	EXP 	Instruction_next_trial: autoDraw = True
1140.8233 	EXP 	New trial (rep=0, index=2): {'stimuli_name': 'audio/exp1/snare_iso.wav'}
1140.8286 	EXP 	Instruction_next_trial: autoDraw = False
1140.8286 	EXP 	Instruction_next_trial: autoDraw = False
1140.8392 	EXP 	Listening_Tap_Instruction_3: autoDraw = True
1142.8240 	EXP 	Created sequence: random, trialTypes=1, nReps=4, seed=None
1142.8244 	EXP 	New trial (rep=0, index=0): None
1142.8385 	EXP 	Listening_Tap_Instruction_3: autoDraw = False
1142.8385 	EXP 	Listening_Tap_Instruction_3: autoDraw = False
1142.8441 	EXP 	cross_listen: autoDraw = True
1157.6280 	EXP 	New trial (rep=1, index=0): None
1157.6419 	EXP 	cross_listen: autoDraw = False
1157.6419 	EXP 	cross_listen: autoDraw = False
1157.6419 	EXP 	cross_listen: autoDraw = True
1172.4279 	EXP 	New trial (rep=2, index=0): None
1172.4417 	EXP 	cross_listen: autoDraw = False
1172.4417 	EXP 	cross_listen: autoDraw = False
1172.4417 	EXP 	cross_listen: autoDraw = True
1187.2283 	EXP 	New trial (rep=3, index=0): None
1187.2363 	EXP 	cross_listen: autoDraw = False
1187.2363 	EXP 	cross_listen: autoDraw = False
1187.2363 	EXP 	cross_listen: autoDraw = True
1202.0265 	EXP 	cross_listen: autoDraw = False
1202.0265 	EXP 	cross_listen: autoDraw = False
1202.0265 	EXP 	text_3: autoDraw = True
1203.0228 	EXP 	text_3: autoDraw = False
1203.0228 	EXP 	text_3: autoDraw = False
1203.0228 	EXP 	cross_imagine: autoDraw = True
1203.0228 	EXP 	text: autoDraw = True
1217.8192 	EXP 	cross_imagine: autoDraw = False
1217.8192 	EXP 	text: autoDraw = False
1217.8192 	EXP 	cross_imagine: autoDraw = False
1217.8192 	EXP 	text: autoDraw = False
1217.8192 	EXP 	text_4: autoDraw = True
1218.8165 	EXP 	text_4: autoDraw = False
1218.8165 	EXP 	text_4: autoDraw = False
1218.8165 	EXP 	cross_imagine_2: autoDraw = True
1218.8165 	EXP 	text_2: autoDraw = True
1233.6085 	EXP 	cross_imagine_2: autoDraw = False
1233.6085 	EXP 	text_2: autoDraw = False
1233.6085 	EXP 	cross_imagine_2: autoDraw = False
1233.6085 	EXP 	text_2: autoDraw = False
1233.6188 	EXP 	Instruction_next_trial: autoDraw = True
1236.6033 	EXP 	New trial (rep=4, index=0): None
1236.6107 	EXP 	Imported stimuli_list_exp1.xlsx as conditions, 3 conditions, 1 params
1236.6110 	EXP 	Created sequence: random, trialTypes=3, nReps=1, seed=None
1236.6112 	EXP 	New trial (rep=0, index=0): {'stimuli_name': 'audio/exp1/snare_mp1.wav'}
1236.6167 	EXP 	Instruction_next_trial: autoDraw = False
1236.6167 	EXP 	Instruction_next_trial: autoDraw = False
1236.6231 	EXP 	Listening_Tap_Instruction_3: autoDraw = True
1238.6093 	EXP 	Created sequence: random, trialTypes=1, nReps=4, seed=None
1238.6096 	EXP 	New trial (rep=0, index=0): None
1238.6208 	EXP 	Listening_Tap_Instruction_3: autoDraw = False
1238.6208 	EXP 	Listening_Tap_Instruction_3: autoDraw = False
1238.6208 	EXP 	cross_listen: autoDraw = True
1253.4093 	EXP 	New trial (rep=1, index=0): None
1253.4340 	EXP 	cross_listen: autoDraw = False
1253.4340 	EXP 	cross_listen: autoDraw = False
1253.4340 	EXP 	cross_listen: autoDraw = True
1268.2195 	EXP 	New trial (rep=2, index=0): None
1268.2306 	EXP 	cross_listen: autoDraw = False
1268.2306 	EXP 	cross_listen: autoDraw = True
1283.0183 	EXP 	New trial (rep=3, index=0): None
1283.0321 	EXP 	cross_listen: autoDraw = False
1283.0321 	EXP 	cross_listen: autoDraw = False
1283.0321 	EXP 	cross_listen: autoDraw = True
1297.8234 	EXP 	cross_listen: autoDraw = False
1297.8234 	EXP 	cross_listen: autoDraw = False
1297.8234 	EXP 	text_3: autoDraw = True
1298.8158 	EXP 	text_3: autoDraw = False
1298.8158 	EXP 	text_3: autoDraw = False
1298.8158 	EXP 	cross_imagine: autoDraw = True
1298.8158 	EXP 	text: autoDraw = True
1313.6044 	EXP 	cross_imagine: autoDraw = False
1313.6044 	EXP 	text: autoDraw = False
1313.6044 	EXP 	cross_imagine: autoDraw = False
1313.6044 	EXP 	text: autoDraw = False
1313.6155 	EXP 	text_4: autoDraw = True
1314.6100 	EXP 	text_4: autoDraw = False
1314.6100 	EXP 	text_4: autoDraw = False
1314.6152 	EXP 	cross_imagine_2: autoDraw = True
1314.6152 	EXP 	text_2: autoDraw = True
1329.4040 	EXP 	cross_imagine_2: autoDraw = False
1329.4040 	EXP 	text_2: autoDraw = False
1329.4040 	EXP 	cross_imagine_2: autoDraw = False
1329.4040 	EXP 	text_2: autoDraw = False
1329.4146 	EXP 	Instruction_next_trial: autoDraw = True
1332.3993 	EXP 	New trial (rep=0, index=1): {'stimuli_name': 'audio/exp1/snare_iso.wav'}
1332.4043 	EXP 	Instruction_next_trial: autoDraw = False
1332.4043 	EXP 	Instruction_next_trial: autoDraw = False
1332.4153 	EXP 	Listening_Tap_Instruction_3: autoDraw = True
1334.3996 	EXP 	Created sequence: random, trialTypes=1, nReps=4, seed=None
1334.4001 	EXP 	New trial (rep=0, index=0): None
1334.4112 	EXP 	Listening_Tap_Instruction_3: autoDraw = False
1334.4112 	EXP 	Listening_Tap_Instruction_3: autoDraw = False
1334.4164 	EXP 	cross_listen: autoDraw = True
1349.2044 	EXP 	New trial (rep=1, index=0): None
1349.2172 	EXP 	cross_listen: autoDraw = False
1349.2172 	EXP 	cross_listen: autoDraw = False
1349.2172 	EXP 	cross_listen: autoDraw = True
1364.0040 	EXP 	New trial (rep=2, index=0): None
1364.0124 	EXP 	cross_listen: autoDraw = False
1364.0124 	EXP 	cross_listen: autoDraw = False
1364.0124 	EXP 	cross_listen: autoDraw = True
1378.7978 	EXP 	New trial (rep=3, index=0): None
1378.8068 	EXP 	cross_listen: autoDraw = False
1378.8068 	EXP 	cross_listen: autoDraw = False
1378.8068 	EXP 	cross_listen: autoDraw = True
1393.6020 	EXP 	cross_listen: autoDraw = False
1393.6020 	EXP 	cross_listen: autoDraw = False
1393.6020 	EXP 	text_3: autoDraw = True
1394.5953 	EXP 	text_3: autoDraw = False
1394.5953 	EXP 	text_3: autoDraw = False
1394.5953 	EXP 	cross_imagine: autoDraw = True
1394.5953 	EXP 	text: autoDraw = True
1409.3837 	EXP 	cross_imagine: autoDraw = False
1409.3837 	EXP 	text: autoDraw = False
1409.3837 	EXP 	cross_imagine: autoDraw = False
1409.3837 	EXP 	text: autoDraw = False
1409.3951 	EXP 	text_4: autoDraw = True
1410.3867 	EXP 	text_4: autoDraw = False
1410.3867 	EXP 	text_4: autoDraw = False
1410.3947 	EXP 	cross_imagine_2: autoDraw = True
1410.3947 	EXP 	text_2: autoDraw = True
1425.1840 	EXP 	cross_imagine_2: autoDraw = False
1425.1840 	EXP 	text_2: autoDraw = False
1425.1840 	EXP 	cross_imagine_2: autoDraw = False
1425.1840 	EXP 	text_2: autoDraw = False
1425.1945 	EXP 	Instruction_next_trial: autoDraw = True
1428.1784 	EXP 	New trial (rep=0, index=2): {'stimuli_name': 'audio/exp1/snare_mp2.wav'}
1428.1836 	EXP 	Instruction_next_trial: autoDraw = False
1428.1836 	EXP 	Instruction_next_trial: autoDraw = False
1428.1940 	EXP 	Listening_Tap_Instruction_3: autoDraw = True
1430.1783 	EXP 	Created sequence: random, trialTypes=1, nReps=4, seed=None
1430.1786 	EXP 	New trial (rep=0, index=0): None
1430.2009 	EXP 	Listening_Tap_Instruction_3: autoDraw = False
1430.2009 	EXP 	Listening_Tap_Instruction_3: autoDraw = False
1430.2009 	EXP 	cross_listen: autoDraw = True
1444.9846 	EXP 	New trial (rep=1, index=0): None
1444.9982 	EXP 	cross_listen: autoDraw = False
1444.9982 	EXP 	cross_listen: autoDraw = False
1444.9982 	EXP 	cross_listen: autoDraw = True
1459.7834 	EXP 	New trial (rep=2, index=0): None
1459.7961 	EXP 	cross_listen: autoDraw = False
1459.7961 	EXP 	cross_listen: autoDraw = False
1459.7961 	EXP 	cross_listen: autoDraw = True
1474.5835 	EXP 	New trial (rep=3, index=0): None
1474.5923 	EXP 	cross_listen: autoDraw = False
1474.5923 	EXP 	cross_listen: autoDraw = False
1474.5923 	EXP 	cross_listen: autoDraw = True
1489.3813 	EXP 	cross_listen: autoDraw = False
1489.3813 	EXP 	cross_listen: autoDraw = False
1489.3813 	EXP 	text_3: autoDraw = True
1490.3737 	EXP 	text_3: autoDraw = False
1490.3737 	EXP 	text_3: autoDraw = False
1490.3737 	EXP 	cross_imagine: autoDraw = True
1490.3737 	EXP 	text: autoDraw = True
1505.1628 	EXP 	cross_imagine: autoDraw = False
1505.1628 	EXP 	text: autoDraw = False
1505.1628 	EXP 	cross_imagine: autoDraw = False
1505.1628 	EXP 	text: autoDraw = False
1505.1745 	EXP 	text_4: autoDraw = True
1506.1654 	EXP 	text_4: autoDraw = False
1506.1654 	EXP 	text_4: autoDraw = False
1506.1740 	EXP 	cross_imagine_2: autoDraw = True
1506.1740 	EXP 	text_2: autoDraw = True
1520.9630 	EXP 	cross_imagine_2: autoDraw = False
1520.9630 	EXP 	text_2: autoDraw = False
1520.9630 	EXP 	cross_imagine_2: autoDraw = False
1520.9630 	EXP 	text_2: autoDraw = False
1520.9733 	EXP 	Instruction_next_trial: autoDraw = True
1523.9587 	EXP 	New trial (rep=5, index=0): None
1523.9666 	EXP 	Imported stimuli_list_exp1.xlsx as conditions, 3 conditions, 1 params
1523.9671 	EXP 	Created sequence: random, trialTypes=3, nReps=1, seed=None
1523.9673 	EXP 	New trial (rep=0, index=0): {'stimuli_name': 'audio/exp1/snare_iso.wav'}
1523.9721 	EXP 	Instruction_next_trial: autoDraw = False
1523.9721 	EXP 	Instruction_next_trial: autoDraw = False
1523.9771 	EXP 	Listening_Tap_Instruction_3: autoDraw = True
1525.9641 	EXP 	Created sequence: random, trialTypes=1, nReps=4, seed=None
1525.9643 	EXP 	New trial (rep=0, index=0): None
1525.9804 	EXP 	Listening_Tap_Instruction_3: autoDraw = False
1525.9804 	EXP 	Listening_Tap_Instruction_3: autoDraw = False
1525.9804 	EXP 	cross_listen: autoDraw = True
1540.7741 	EXP 	New trial (rep=1, index=0): None
1540.7852 	EXP 	cross_listen: autoDraw = False
1540.7852 	EXP 	cross_listen: autoDraw = False
1540.7852 	EXP 	cross_listen: autoDraw = True
1555.5735 	EXP 	New trial (rep=2, index=0): None
1555.5856 	EXP 	cross_listen: autoDraw = False
1555.5856 	EXP 	cross_listen: autoDraw = False
1555.5856 	EXP 	cross_listen: autoDraw = True
1570.3721 	EXP 	New trial (rep=3, index=0): None
1570.3833 	EXP 	cross_listen: autoDraw = False
1570.3833 	EXP 	cross_listen: autoDraw = False
1570.3833 	EXP 	cross_listen: autoDraw = True
1585.1769 	EXP 	cross_listen: autoDraw = False
1585.1769 	EXP 	cross_listen: autoDraw = False
1585.1769 	EXP 	text_3: autoDraw = True
1586.1705 	EXP 	text_3: autoDraw = False
1586.1705 	EXP 	text_3: autoDraw = False
1586.1705 	EXP 	cross_imagine: autoDraw = True
1586.1705 	EXP 	text: autoDraw = True
1600.9590 	EXP 	cross_imagine: autoDraw = False
1600.9590 	EXP 	text: autoDraw = False
1600.9590 	EXP 	cross_imagine: autoDraw = False
1600.9590 	EXP 	text: autoDraw = False
1600.9707 	EXP 	text_4: autoDraw = True
1601.9608 	EXP 	text_4: autoDraw = False
1601.9608 	EXP 	text_4: autoDraw = False
1601.9702 	EXP 	cross_imagine_2: autoDraw = True
1601.9702 	EXP 	text_2: autoDraw = True
1616.7585 	EXP 	cross_imagine_2: autoDraw = False
1616.7585 	EXP 	text_2: autoDraw = False
1616.7585 	EXP 	cross_imagine_2: autoDraw = False
1616.7585 	EXP 	text_2: autoDraw = False
1616.7701 	EXP 	Instruction_next_trial: autoDraw = True
1619.7538 	EXP 	New trial (rep=0, index=1): {'stimuli_name': 'audio/exp1/snare_mp1.wav'}
1619.7587 	EXP 	Instruction_next_trial: autoDraw = False
1619.7587 	EXP 	Instruction_next_trial: autoDraw = False
1619.7701 	EXP 	Listening_Tap_Instruction_3: autoDraw = True
1621.7541 	EXP 	Created sequence: random, trialTypes=1, nReps=4, seed=None
1621.7544 	EXP 	New trial (rep=0, index=0): None
1621.7686 	EXP 	Listening_Tap_Instruction_3: autoDraw = False
1621.7686 	EXP 	Listening_Tap_Instruction_3: autoDraw = False
1621.7751 	EXP 	cross_listen: autoDraw = True
1636.5712 	EXP 	New trial (rep=1, index=0): None
1636.5809 	EXP 	cross_listen: autoDraw = False
1636.5809 	EXP 	cross_listen: autoDraw = False
1636.5809 	EXP 	cross_listen: autoDraw = True
1651.3707 	EXP 	New trial (rep=2, index=0): None
1651.3882 	EXP 	cross_listen: autoDraw = False
1651.3882 	EXP 	cross_listen: autoDraw = False
1651.3882 	EXP 	cross_listen: autoDraw = True
1666.1749 	EXP 	New trial (rep=3, index=0): None
1666.1866 	EXP 	cross_listen: autoDraw = False
1666.1866 	EXP 	cross_listen: autoDraw = True
1680.9838 	EXP 	cross_listen: autoDraw = False
1680.9838 	EXP 	cross_listen: autoDraw = False
1680.9838 	EXP 	text_3: autoDraw = True
1681.9760 	EXP 	text_3: autoDraw = False
1681.9760 	EXP 	text_3: autoDraw = False
1681.9760 	EXP 	cross_imagine: autoDraw = True
1681.9760 	EXP 	text: autoDraw = True
1696.7725 	EXP 	cross_imagine: autoDraw = False
1696.7725 	EXP 	text: autoDraw = False
1696.7725 	EXP 	cross_imagine: autoDraw = False
1696.7725 	EXP 	text: autoDraw = False
1696.7725 	EXP 	text_4: autoDraw = True
1697.7661 	EXP 	text_4: autoDraw = False
1697.7661 	EXP 	text_4: autoDraw = False
1697.7721 	EXP 	cross_imagine_2: autoDraw = True
1697.7721 	EXP 	text_2: autoDraw = True
1712.5653 	EXP 	cross_imagine_2: autoDraw = False
1712.5653 	EXP 	text_2: autoDraw = False
1712.5653 	EXP 	cross_imagine_2: autoDraw = False
1712.5653 	EXP 	text_2: autoDraw = False
1712.5717 	EXP 	Instruction_next_trial: autoDraw = True
1715.5569 	EXP 	New trial (rep=0, index=2): {'stimuli_name': 'audio/exp1/snare_mp2.wav'}
1715.5654 	EXP 	Instruction_next_trial: autoDraw = False
1715.5654 	EXP 	Instruction_next_trial: autoDraw = False
1715.5716 	EXP 	Listening_Tap_Instruction_3: autoDraw = True
1717.5568 	EXP 	Created sequence: random, trialTypes=1, nReps=4, seed=None
1717.5569 	EXP 	New trial (rep=0, index=0): None
1717.5690 	EXP 	Listening_Tap_Instruction_3: autoDraw = False
1717.5690 	EXP 	Listening_Tap_Instruction_3: autoDraw = False
1717.5821 	EXP 	cross_listen: autoDraw = True
1732.3665 	EXP 	New trial (rep=1, index=0): None
1732.3777 	EXP 	cross_listen: autoDraw = False
1732.3777 	EXP 	cross_listen: autoDraw = False
1732.3777 	EXP 	cross_listen: autoDraw = True
1747.1662 	EXP 	New trial (rep=2, index=0): None
1747.1818 	EXP 	cross_listen: autoDraw = False
1747.1818 	EXP 	cross_listen: autoDraw = False
1747.1818 	EXP 	cross_listen: autoDraw = True
1761.9712 	EXP 	New trial (rep=3, index=0): None
1761.9833 	EXP 	cross_listen: autoDraw = False
1761.9833 	EXP 	cross_listen: autoDraw = True
1776.7794 	EXP 	cross_listen: autoDraw = False
1776.7794 	EXP 	cross_listen: autoDraw = False
1776.7794 	EXP 	text_3: autoDraw = True
1777.7754 	EXP 	text_3: autoDraw = False
1777.7754 	EXP 	text_3: autoDraw = False
1777.7754 	EXP 	cross_imagine: autoDraw = True
1777.7754 	EXP 	text: autoDraw = True
1792.5681 	EXP 	cross_imagine: autoDraw = False
1792.5681 	EXP 	text: autoDraw = False
1792.5681 	EXP 	cross_imagine: autoDraw = False
1792.5681 	EXP 	text: autoDraw = False
1792.5681 	EXP 	text_4: autoDraw = True
1793.5726 	EXP 	text_4: autoDraw = False
1793.5726 	EXP 	text_4: autoDraw = False
1793.5726 	EXP 	cross_imagine_2: autoDraw = True
1793.5726 	EXP 	text_2: autoDraw = True
1808.3693 	EXP 	cross_imagine_2: autoDraw = False
1808.3693 	EXP 	text_2: autoDraw = False
1808.3693 	EXP 	cross_imagine_2: autoDraw = False
1808.3693 	EXP 	text_2: autoDraw = False
1808.3693 	EXP 	Instruction_next_trial: autoDraw = True
1811.3637 	EXP 	New trial (rep=6, index=0): None
1811.3728 	EXP 	Imported stimuli_list_exp1.xlsx as conditions, 3 conditions, 1 params
1811.3735 	EXP 	Created sequence: random, trialTypes=3, nReps=1, seed=None
1811.3738 	EXP 	New trial (rep=0, index=0): {'stimuli_name': 'audio/exp1/snare_iso.wav'}
1811.3788 	EXP 	Instruction_next_trial: autoDraw = False
1811.3788 	EXP 	Instruction_next_trial: autoDraw = False
1811.3788 	EXP 	Listening_Tap_Instruction_3: autoDraw = True
1813.3625 	EXP 	Created sequence: random, trialTypes=1, nReps=4, seed=None
1813.3629 	EXP 	New trial (rep=0, index=0): None
1813.3775 	EXP 	Listening_Tap_Instruction_3: autoDraw = False
1813.3775 	EXP 	Listening_Tap_Instruction_3: autoDraw = False
1813.3775 	EXP 	cross_listen: autoDraw = True
1828.1625 	EXP 	New trial (rep=1, index=0): None
1828.1769 	EXP 	cross_listen: autoDraw = False
1828.1769 	EXP 	cross_listen: autoDraw = False
1828.1769 	EXP 	cross_listen: autoDraw = True
1842.9624 	EXP 	New trial (rep=2, index=0): None
1842.9746 	EXP 	cross_listen: autoDraw = False
1842.9746 	EXP 	cross_listen: autoDraw = False
1842.9746 	EXP 	cross_listen: autoDraw = True
1857.7612 	EXP 	New trial (rep=3, index=0): None
1857.7720 	EXP 	cross_listen: autoDraw = False
1857.7720 	EXP 	cross_listen: autoDraw = False
1857.7720 	EXP 	cross_listen: autoDraw = True
1872.5663 	EXP 	cross_listen: autoDraw = False
1872.5663 	EXP 	cross_listen: autoDraw = False
1872.5663 	EXP 	text_3: autoDraw = True
1873.5683 	EXP 	text_3: autoDraw = False
1873.5683 	EXP 	text_3: autoDraw = False
1873.5683 	EXP 	cross_imagine: autoDraw = True
1873.5683 	EXP 	text: autoDraw = True
1888.3632 	EXP 	cross_imagine: autoDraw = False
1888.3632 	EXP 	text: autoDraw = False
1888.3632 	EXP 	cross_imagine: autoDraw = False
1888.3632 	EXP 	text: autoDraw = False
1888.3632 	EXP 	text_4: autoDraw = True
1889.3571 	EXP 	text_4: autoDraw = False
1889.3571 	EXP 	text_4: autoDraw = False
1889.3571 	EXP 	cross_imagine_2: autoDraw = True
1889.3571 	EXP 	text_2: autoDraw = True
1904.1453 	EXP 	cross_imagine_2: autoDraw = False
1904.1453 	EXP 	text_2: autoDraw = False
1904.1453 	EXP 	cross_imagine_2: autoDraw = False
1904.1453 	EXP 	text_2: autoDraw = False
1904.1574 	EXP 	Instruction_next_trial: autoDraw = True
1907.1424 	EXP 	New trial (rep=0, index=1): {'stimuli_name': 'audio/exp1/snare_mp1.wav'}
1907.1474 	EXP 	Instruction_next_trial: autoDraw = False
1907.1474 	EXP 	Instruction_next_trial: autoDraw = False
1907.1572 	EXP 	Listening_Tap_Instruction_3: autoDraw = True
1909.1419 	EXP 	Created sequence: random, trialTypes=1, nReps=4, seed=None
1909.1421 	EXP 	New trial (rep=0, index=0): None
1909.1575 	EXP 	Listening_Tap_Instruction_3: autoDraw = False
1909.1575 	EXP 	Listening_Tap_Instruction_3: autoDraw = False
1909.1627 	EXP 	cross_listen: autoDraw = True
1923.9485 	EXP 	New trial (rep=1, index=0): None
1923.9640 	EXP 	cross_listen: autoDraw = False
1923.9640 	EXP 	cross_listen: autoDraw = False
1923.9640 	EXP 	cross_listen: autoDraw = True
1938.7570 	EXP 	New trial (rep=2, index=0): None
1938.7723 	EXP 	cross_listen: autoDraw = False
1938.7723 	EXP 	cross_listen: autoDraw = True
1953.5570 	EXP 	New trial (rep=3, index=0): None
1953.5734 	EXP 	cross_listen: autoDraw = False
1953.5734 	EXP 	cross_listen: autoDraw = False
1953.5734 	EXP 	cross_listen: autoDraw = True
1968.3721 	EXP 	cross_listen: autoDraw = False
1968.3721 	EXP 	text_3: autoDraw = True
1969.3643 	EXP 	text_3: autoDraw = False
1969.3643 	EXP 	text_3: autoDraw = False
1969.3643 	EXP 	cross_imagine: autoDraw = True
1969.3643 	EXP 	text: autoDraw = True
1984.1614 	EXP 	cross_imagine: autoDraw = False
1984.1614 	EXP 	text: autoDraw = False
1984.1614 	EXP 	cross_imagine: autoDraw = False
1984.1614 	EXP 	text: autoDraw = False
1984.1614 	EXP 	text_4: autoDraw = True
1985.1650 	EXP 	text_4: autoDraw = False
1985.1650 	EXP 	text_4: autoDraw = False
1985.1650 	EXP 	cross_imagine_2: autoDraw = True
1985.1650 	EXP 	text_2: autoDraw = True
1999.9610 	EXP 	cross_imagine_2: autoDraw = False
1999.9610 	EXP 	text_2: autoDraw = False
1999.9610 	EXP 	cross_imagine_2: autoDraw = False
1999.9610 	EXP 	text_2: autoDraw = False
1999.9610 	EXP 	Instruction_next_trial: autoDraw = True
2002.9448 	EXP 	New trial (rep=0, index=2): {'stimuli_name': 'audio/exp1/snare_mp2.wav'}
2002.9532 	EXP 	Instruction_next_trial: autoDraw = False
2002.9532 	EXP 	Instruction_next_trial: autoDraw = False
2002.9532 	EXP 	Listening_Tap_Instruction_3: autoDraw = True
2004.9388 	EXP 	Created sequence: random, trialTypes=1, nReps=4, seed=None
2004.9391 	EXP 	New trial (rep=0, index=0): None
2004.9535 	EXP 	Listening_Tap_Instruction_3: autoDraw = False
2004.9535 	EXP 	Listening_Tap_Instruction_3: autoDraw = False
2004.9695 	EXP 	cross_listen: autoDraw = True
2019.7537 	EXP 	New trial (rep=1, index=0): None
2019.7660 	EXP 	cross_listen: autoDraw = False
2019.7660 	EXP 	cross_listen: autoDraw = False
2019.7660 	EXP 	cross_listen: autoDraw = True
2034.5533 	EXP 	New trial (rep=2, index=0): None
2034.5712 	EXP 	cross_listen: autoDraw = False
2034.5712 	EXP 	cross_listen: autoDraw = False
2034.5712 	EXP 	cross_listen: autoDraw = True
2049.3577 	EXP 	New trial (rep=3, index=0): None
2049.3840 	EXP 	cross_listen: autoDraw = False
2049.3840 	EXP 	cross_listen: autoDraw = True
2064.1745 	EXP 	cross_listen: autoDraw = False
2064.1745 	EXP 	text_3: autoDraw = True
2065.1782 	EXP 	text_3: autoDraw = False
2065.1782 	EXP 	text_3: autoDraw = False
2065.1782 	EXP 	cross_imagine: autoDraw = True
2065.1782 	EXP 	text: autoDraw = True
2079.9732 	EXP 	cross_imagine: autoDraw = False
2079.9732 	EXP 	text: autoDraw = False
2079.9732 	EXP 	cross_imagine: autoDraw = False
2079.9732 	EXP 	text: autoDraw = False
2079.9732 	EXP 	text_4: autoDraw = True
2080.9661 	EXP 	text_4: autoDraw = False
2080.9661 	EXP 	text_4: autoDraw = False
2080.9661 	EXP 	cross_imagine_2: autoDraw = True
2080.9661 	EXP 	text_2: autoDraw = True
2095.7549 	EXP 	cross_imagine_2: autoDraw = False
2095.7549 	EXP 	text_2: autoDraw = False
2095.7549 	EXP 	cross_imagine_2: autoDraw = False
2095.7549 	EXP 	text_2: autoDraw = False
2095.7657 	EXP 	Instruction_next_trial: autoDraw = True
2098.7503 	EXP 	New trial (rep=7, index=0): None
2098.7587 	EXP 	Imported stimuli_list_exp1.xlsx as conditions, 3 conditions, 1 params
2098.7591 	EXP 	Created sequence: random, trialTypes=3, nReps=1, seed=None
2098.7593 	EXP 	New trial (rep=0, index=0): {'stimuli_name': 'audio/exp1/snare_mp2.wav'}
2098.7640 	EXP 	Instruction_next_trial: autoDraw = False
2098.7640 	EXP 	Instruction_next_trial: autoDraw = False
2098.7703 	EXP 	Listening_Tap_Instruction_3: autoDraw = True
2100.7558 	EXP 	Created sequence: random, trialTypes=1, nReps=4, seed=None
2100.7560 	EXP 	New trial (rep=0, index=0): None
2100.7674 	EXP 	Listening_Tap_Instruction_3: autoDraw = False
2100.7674 	EXP 	Listening_Tap_Instruction_3: autoDraw = False
2100.7674 	EXP 	cross_listen: autoDraw = True
2115.5556 	EXP 	New trial (rep=1, index=0): None
2115.5643 	EXP 	cross_listen: autoDraw = False
2115.5643 	EXP 	cross_listen: autoDraw = False
2115.5643 	EXP 	cross_listen: autoDraw = True
2130.3489 	EXP 	New trial (rep=2, index=0): None
2130.3629 	EXP 	cross_listen: autoDraw = False
2130.3629 	EXP 	cross_listen: autoDraw = False
2130.3629 	EXP 	cross_listen: autoDraw = True
2145.1482 	EXP 	New trial (rep=3, index=0): None
2145.1576 	EXP 	cross_listen: autoDraw = False
2145.1576 	EXP 	cross_listen: autoDraw = False
2145.1576 	EXP 	cross_listen: autoDraw = True
2159.9532 	EXP 	cross_listen: autoDraw = False
2159.9532 	EXP 	cross_listen: autoDraw = False
2159.9532 	EXP 	text_3: autoDraw = True
2160.9460 	EXP 	text_3: autoDraw = False
2160.9460 	EXP 	text_3: autoDraw = False
2160.9460 	EXP 	cross_imagine: autoDraw = True
2160.9460 	EXP 	text: autoDraw = True
2175.7348 	EXP 	cross_imagine: autoDraw = False
2175.7348 	EXP 	text: autoDraw = False
2175.7348 	EXP 	cross_imagine: autoDraw = False
2175.7348 	EXP 	text: autoDraw = False
2175.7456 	EXP 	text_4: autoDraw = True
2176.7375 	EXP 	text_4: autoDraw = False
2176.7375 	EXP 	text_4: autoDraw = False
2176.7460 	EXP 	cross_imagine_2: autoDraw = True
2176.7460 	EXP 	text_2: autoDraw = True
2191.5350 	EXP 	cross_imagine_2: autoDraw = False
2191.5350 	EXP 	text_2: autoDraw = False
2191.5350 	EXP 	cross_imagine_2: autoDraw = False
2191.5350 	EXP 	text_2: autoDraw = False
2191.5453 	EXP 	Instruction_next_trial: autoDraw = True
2194.5296 	EXP 	New trial (rep=0, index=1): {'stimuli_name': 'audio/exp1/snare_iso.wav'}
2194.5348 	EXP 	Instruction_next_trial: autoDraw = False
2194.5348 	EXP 	Instruction_next_trial: autoDraw = False
2194.5448 	EXP 	Listening_Tap_Instruction_3: autoDraw = True
2196.5295 	EXP 	Created sequence: random, trialTypes=1, nReps=4, seed=None
2196.5298 	EXP 	New trial (rep=0, index=0): None
2196.5415 	EXP 	Listening_Tap_Instruction_3: autoDraw = False
2196.5415 	EXP 	Listening_Tap_Instruction_3: autoDraw = False
2196.5465 	EXP 	cross_listen: autoDraw = True
2211.3335 	EXP 	New trial (rep=1, index=0): None
2211.3479 	EXP 	cross_listen: autoDraw = False
2211.3479 	EXP 	cross_listen: autoDraw = False
2211.3479 	EXP 	cross_listen: autoDraw = True
2226.1343 	EXP 	New trial (rep=2, index=0): None
2226.1509 	EXP 	cross_listen: autoDraw = False
2226.1509 	EXP 	cross_listen: autoDraw = True
2240.9438 	EXP 	New trial (rep=3, index=0): None
2240.9554 	EXP 	cross_listen: autoDraw = False
2240.9554 	EXP 	cross_listen: autoDraw = True
2255.7497 	EXP 	cross_listen: autoDraw = False
2255.7497 	EXP 	cross_listen: autoDraw = False
2255.7497 	EXP 	text_3: autoDraw = True
2256.7415 	EXP 	text_3: autoDraw = False
2256.7415 	EXP 	text_3: autoDraw = False
2256.7415 	EXP 	cross_imagine: autoDraw = True
2256.7415 	EXP 	text: autoDraw = True
2271.5305 	EXP 	cross_imagine: autoDraw = False
2271.5305 	EXP 	text: autoDraw = False
2271.5305 	EXP 	cross_imagine: autoDraw = False
2271.5305 	EXP 	text: autoDraw = False
2271.5415 	EXP 	text_4: autoDraw = True
2272.5341 	EXP 	text_4: autoDraw = False
2272.5341 	EXP 	text_4: autoDraw = False
2272.5415 	EXP 	cross_imagine_2: autoDraw = True
2272.5415 	EXP 	text_2: autoDraw = True
2287.3295 	EXP 	cross_imagine_2: autoDraw = False
2287.3295 	EXP 	text_2: autoDraw = False
2287.3295 	EXP 	cross_imagine_2: autoDraw = False
2287.3295 	EXP 	text_2: autoDraw = False
2287.3410 	EXP 	Instruction_next_trial: autoDraw = True
2290.3263 	EXP 	New trial (rep=0, index=2): {'stimuli_name': 'audio/exp1/snare_mp1.wav'}
2290.3309 	EXP 	Instruction_next_trial: autoDraw = False
2290.3309 	EXP 	Instruction_next_trial: autoDraw = False
2290.3409 	EXP 	Listening_Tap_Instruction_3: autoDraw = True
2292.3256 	EXP 	Created sequence: random, trialTypes=1, nReps=4, seed=None
2292.3259 	EXP 	New trial (rep=0, index=0): None
2292.3392 	EXP 	Listening_Tap_Instruction_3: autoDraw = False
2292.3392 	EXP 	Listening_Tap_Instruction_3: autoDraw = False
2292.3458 	EXP 	cross_listen: autoDraw = True
2307.1295 	EXP 	New trial (rep=1, index=0): None
2307.1402 	EXP 	cross_listen: autoDraw = False
2307.1402 	EXP 	cross_listen: autoDraw = False
2307.1402 	EXP 	cross_listen: autoDraw = True
2321.9244 	EXP 	New trial (rep=2, index=0): None
2321.9399 	EXP 	cross_listen: autoDraw = False
2321.9399 	EXP 	cross_listen: autoDraw = False
2321.9399 	EXP 	cross_listen: autoDraw = True
2336.7289 	EXP 	New trial (rep=3, index=0): None
2336.7391 	EXP 	cross_listen: autoDraw = False
2336.7391 	EXP 	cross_listen: autoDraw = True
2351.5294 	EXP 	cross_listen: autoDraw = False
2351.5294 	EXP 	cross_listen: autoDraw = False
2351.5294 	EXP 	text_3: autoDraw = True
2352.5320 	EXP 	text_3: autoDraw = False
2352.5320 	EXP 	text_3: autoDraw = False
2352.5320 	EXP 	cross_imagine: autoDraw = True
2352.5320 	EXP 	text: autoDraw = True
2367.3285 	EXP 	cross_imagine: autoDraw = False
2367.3285 	EXP 	text: autoDraw = False
2367.3285 	EXP 	cross_imagine: autoDraw = False
2367.3285 	EXP 	text: autoDraw = False
2367.3285 	EXP 	text_4: autoDraw = True
2368.3206 	EXP 	text_4: autoDraw = False
2368.3206 	EXP 	text_4: autoDraw = False
2368.3206 	EXP 	cross_imagine_2: autoDraw = True
2368.3206 	EXP 	text_2: autoDraw = True
2383.1094 	EXP 	cross_imagine_2: autoDraw = False
2383.1094 	EXP 	text_2: autoDraw = False
2383.1094 	EXP 	cross_imagine_2: autoDraw = False
2383.1094 	EXP 	text_2: autoDraw = False
2383.1204 	EXP 	Instruction_next_trial: autoDraw = True
2386.1048 	EXP 	New trial (rep=8, index=0): None
2386.1123 	EXP 	Imported stimuli_list_exp1.xlsx as conditions, 3 conditions, 1 params
2386.1129 	EXP 	Created sequence: random, trialTypes=3, nReps=1, seed=None
2386.1133 	EXP 	New trial (rep=0, index=0): {'stimuli_name': 'audio/exp1/snare_iso.wav'}
2386.1180 	EXP 	Instruction_next_trial: autoDraw = False
2386.1180 	EXP 	Instruction_next_trial: autoDraw = False
2386.1242 	EXP 	Listening_Tap_Instruction_3: autoDraw = True
2388.1105 	EXP 	Created sequence: random, trialTypes=1, nReps=4, seed=None
2388.1107 	EXP 	New trial (rep=0, index=0): None
2388.1227 	EXP 	Listening_Tap_Instruction_3: autoDraw = False
2388.1227 	EXP 	Listening_Tap_Instruction_3: autoDraw = False
2388.1227 	EXP 	cross_listen: autoDraw = True
2402.9094 	EXP 	New trial (rep=1, index=0): None
2402.9294 	EXP 	cross_listen: autoDraw = False
2402.9294 	EXP 	cross_listen: autoDraw = False
2402.9294 	EXP 	cross_listen: autoDraw = True
2417.7201 	EXP 	New trial (rep=2, index=0): None
2417.7333 	EXP 	cross_listen: autoDraw = False
2417.7333 	EXP 	cross_listen: autoDraw = True
2432.5192 	EXP 	New trial (rep=3, index=0): None
2432.5292 	EXP 	cross_listen: autoDraw = False
2432.5292 	EXP 	cross_listen: autoDraw = False
2432.5292 	EXP 	cross_listen: autoDraw = True
2439.9389 	DATA 	Keypress: escape
2440.7516 	EXP 	window1: mouseVisible = True
